[0.583s] Invoking command in '/home/min/dev_ws/ros/src/my_first_package': PYTHONPATH=/home/min/dev_ws/ros/build/my_first_package/prefix_override:/home/min/dev_ws/ros/install/my_first_package/lib/python3.10/site-packages:${PYTHONPATH} /usr/bin/python3 -W ignore:setup.py install is deprecated setup.py egg_info --egg-base ../../build/my_first_package build --build-base /home/min/dev_ws/ros/build/my_first_package/build install --record /home/min/dev_ws/ros/build/my_first_package/install.log --single-version-externally-managed install_data
[0.806s] running egg_info
[0.807s] writing ../../build/my_first_package/my_first_package.egg-info/PKG-INFO
[0.807s] writing dependency_links to ../../build/my_first_package/my_first_package.egg-info/dependency_links.txt
[0.807s] writing entry points to ../../build/my_first_package/my_first_package.egg-info/entry_points.txt
[0.807s] writing requirements to ../../build/my_first_package/my_first_package.egg-info/requires.txt
[0.807s] writing top-level names to ../../build/my_first_package/my_first_package.egg-info/top_level.txt
[0.809s] reading manifest file '../../build/my_first_package/my_first_package.egg-info/SOURCES.txt'
[0.810s] writing manifest file '../../build/my_first_package/my_first_package.egg-info/SOURCES.txt'
[0.810s] running build
[0.810s] running build_py
[0.810s] copying my_first_package/dist_turtle_action_server.py -> /home/min/dev_ws/ros/build/my_first_package/build/lib/my_first_package
[0.810s] running install
[0.810s] running install_lib
[0.811s] copying /home/min/dev_ws/ros/build/my_first_package/build/lib/my_first_package/dist_turtle_action_server.py -> /home/min/dev_ws/ros/install/my_first_package/lib/python3.10/site-packages/my_first_package
[0.812s] byte-compiling /home/min/dev_ws/ros/install/my_first_package/lib/python3.10/site-packages/my_first_package/dist_turtle_action_server.py to dist_turtle_action_server.cpython-310.pyc
[0.812s] running install_data
[0.812s] running install_egg_info
[0.814s] removing '/home/min/dev_ws/ros/install/my_first_package/lib/python3.10/site-packages/my_first_package-0.0.0-py3.10.egg-info' (and everything under it)
[0.814s] Copying ../../build/my_first_package/my_first_package.egg-info to /home/min/dev_ws/ros/install/my_first_package/lib/python3.10/site-packages/my_first_package-0.0.0-py3.10.egg-info
[0.814s] running install_scripts
[0.831s] Installing dist_turtle_action_server script to /home/min/dev_ws/ros/install/my_first_package/lib/my_first_package
[0.831s] Installing my_first_node script to /home/min/dev_ws/ros/install/my_first_package/lib/my_first_package
[0.831s] Installing my_multi_thread script to /home/min/dev_ws/ros/install/my_first_package/lib/my_first_package
[0.831s] Installing my_publisher script to /home/min/dev_ws/ros/install/my_first_package/lib/my_first_package
[0.831s] Installing my_service_server script to /home/min/dev_ws/ros/install/my_first_package/lib/my_first_package
[0.831s] Installing my_subscriber script to /home/min/dev_ws/ros/install/my_first_package/lib/my_first_package
[0.831s] Installing turtle_cmd_and_pose script to /home/min/dev_ws/ros/install/my_first_package/lib/my_first_package
[0.832s] writing list of installed files to '/home/min/dev_ws/ros/build/my_first_package/install.log'
[0.849s] Invoked command in '/home/min/dev_ws/ros/src/my_first_package' returned '0': PYTHONPATH=/home/min/dev_ws/ros/build/my_first_package/prefix_override:/home/min/dev_ws/ros/install/my_first_package/lib/python3.10/site-packages:${PYTHONPATH} /usr/bin/python3 -W ignore:setup.py install is deprecated setup.py egg_info --egg-base ../../build/my_first_package build --build-base /home/min/dev_ws/ros/build/my_first_package/build install --record /home/min/dev_ws/ros/build/my_first_package/install.log --single-version-externally-managed install_data
