[0.579s] Invoking command in '/home/min/dev_ws/ros/src/my_first_package': PYTHONPATH=/home/min/dev_ws/ros/build/my_first_package/prefix_override:/home/min/dev_ws/ros/install/my_first_package/lib/python3.10/site-packages:${PYTHONPATH} /usr/bin/python3 -W ignore:setup.py install is deprecated setup.py egg_info --egg-base ../../build/my_first_package build --build-base /home/min/dev_ws/ros/build/my_first_package/build install --record /home/min/dev_ws/ros/build/my_first_package/install.log --single-version-externally-managed install_data
[0.794s] running egg_info
[0.794s] writing ../../build/my_first_package/my_first_package.egg-info/PKG-INFO
[0.795s] writing dependency_links to ../../build/my_first_package/my_first_package.egg-info/dependency_links.txt
[0.795s] writing entry points to ../../build/my_first_package/my_first_package.egg-info/entry_points.txt
[0.795s] writing requirements to ../../build/my_first_package/my_first_package.egg-info/requires.txt
[0.795s] writing top-level names to ../../build/my_first_package/my_first_package.egg-info/top_level.txt
[0.796s] reading manifest file '../../build/my_first_package/my_first_package.egg-info/SOURCES.txt'
[0.797s] writing manifest file '../../build/my_first_package/my_first_package.egg-info/SOURCES.txt'
[0.797s] running build
[0.797s] running build_py
[0.797s] running install
[0.798s] running install_lib
[0.799s] running install_data
[0.799s] running install_egg_info
[0.800s] removing '/home/min/dev_ws/ros/install/my_first_package/lib/python3.10/site-packages/my_first_package-0.0.0-py3.10.egg-info' (and everything under it)
[0.800s] Copying ../../build/my_first_package/my_first_package.egg-info to /home/min/dev_ws/ros/install/my_first_package/lib/python3.10/site-packages/my_first_package-0.0.0-py3.10.egg-info
[0.801s] running install_scripts
[0.816s] Installing my_first_node script to /home/min/dev_ws/ros/install/my_first_package/lib/my_first_package
[0.816s] Installing my_publisher script to /home/min/dev_ws/ros/install/my_first_package/lib/my_first_package
[0.816s] Installing my_subscriber script to /home/min/dev_ws/ros/install/my_first_package/lib/my_first_package
[0.817s] writing list of installed files to '/home/min/dev_ws/ros/build/my_first_package/install.log'
