[0.253s] Invoking command in '/home/min/dev_ws/ros/build/my_first_package_msgs': CMAKE_PREFIX_PATH=${CMAKE_PREFIX_PATH}:/home/min/dev_ws/ros/install/my_first_package:/opt/ros/humble /usr/bin/cmake --build /home/min/dev_ws/ros/build/my_first_package_msgs -- -j12 -l12
[0.273s] -- Found ament_cmake: 1.3.9 (/opt/ros/humble/share/ament_cmake/cmake)
[0.383s] -- Found rosidl_default_generators: 1.2.0 (/opt/ros/humble/share/rosidl_default_generators/cmake)
[0.385s] -- Using all available rosidl_typesupport_c: rosidl_typesupport_fastrtps_c;rosidl_typesupport_introspection_c
[0.387s] -- Found rosidl_adapter: 3.1.5 (/opt/ros/humble/share/rosidl_adapter/cmake)
[0.420s] -- Using all available rosidl_typesupport_cpp: rosidl_typesupport_fastrtps_cpp;rosidl_typesupport_introspection_cpp
[0.693s] -- Found ament_cmake_ros: 0.10.0 (/opt/ros/humble/share/ament_cmake_ros/cmake)
[0.845s] -- Using all available rosidl_typesupport_c: rosidl_typesupport_fastrtps_c;rosidl_typesupport_introspection_c
[1.047s] -- Using all available rosidl_typesupport_cpp: rosidl_typesupport_fastrtps_cpp;rosidl_typesupport_introspection_cpp
[1.069s] -- Found python_cmake_module: 0.10.0 (/opt/ros/humble/share/python_cmake_module/cmake)
[1.087s] -- Using PYTHON_EXECUTABLE: /usr/bin/python3
[1.088s] -- Using PYTHON_INCLUDE_DIRS: /usr/include/python3.10
[1.088s] -- Using PYTHON_LIBRARIES: /usr/lib/x86_64-linux-gnu/libpython3.10.so
[1.096s] -- Found ament_lint_auto: 0.12.11 (/opt/ros/humble/share/ament_lint_auto/cmake)
[1.102s] -- Added test 'lint_cmake' to check CMake code style
[1.103s] -- Added test 'xmllint' to check XML markup files
[1.104s] -- Configuring done
[1.133s] -- Generating done
[1.136s] -- Build files have been written to: /home/min/dev_ws/ros/build/my_first_package_msgs
[1.159s] [35m[1mConsolidate compiler generated dependencies of target my_first_package_msgs__rosidl_generator_c[0m
[1.167s] [  2%] Built target my_first_package_msgs__cpp
[1.169s] [ 12%] Built target my_first_package_msgs__rosidl_generator_c
[1.178s] [ 12%] Built target ament_cmake_python_copy_my_first_package_msgs
[1.179s] [35m[1mConsolidate compiler generated dependencies of target my_first_package_msgs__rosidl_typesupport_fastrtps_c[0m
[1.179s] [35m[1mConsolidate compiler generated dependencies of target my_first_package_msgs__rosidl_typesupport_fastrtps_cpp[0m
[1.179s] [35m[1mConsolidate compiler generated dependencies of target my_first_package_msgs__rosidl_typesupport_cpp[0m
[1.180s] [35m[1mConsolidate compiler generated dependencies of target my_first_package_msgs__rosidl_typesupport_introspection_c[0m
[1.180s] [35m[1mConsolidate compiler generated dependencies of target my_first_package_msgs__rosidl_typesupport_introspection_cpp[0m
[1.184s] [35m[1mConsolidate compiler generated dependencies of target my_first_package_msgs__rosidl_typesupport_c[0m
[1.192s] [ 28%] Built target my_first_package_msgs__rosidl_typesupport_introspection_c
[1.192s] [ 33%] Built target my_first_package_msgs__rosidl_typesupport_fastrtps_c
[1.195s] [ 46%] Built target my_first_package_msgs__rosidl_typesupport_cpp
[1.195s] [ 64%] Built target my_first_package_msgs__rosidl_typesupport_introspection_cpp
[1.195s] [ 64%] Built target my_first_package_msgs__rosidl_typesupport_c
[1.195s] [ 74%] Built target my_first_package_msgs__rosidl_typesupport_fastrtps_cpp
[1.212s] [ 74%] Built target my_first_package_msgs
[1.229s] [ 76%] Built target my_first_package_msgs__py
[1.239s] [35m[1mConsolidate compiler generated dependencies of target my_first_package_msgs__rosidl_generator_py[0m
[1.253s] [ 84%] Built target my_first_package_msgs__rosidl_generator_py
[1.264s] [35m[1mConsolidate compiler generated dependencies of target my_first_package_msgs__rosidl_typesupport_introspection_c__pyext[0m
[1.264s] [35m[1mConsolidate compiler generated dependencies of target my_first_package_msgs__rosidl_typesupport_c__pyext[0m
[1.264s] [35m[1mConsolidate compiler generated dependencies of target my_first_package_msgs__rosidl_typesupport_fastrtps_c__pyext[0m
[1.276s] [ 92%] Built target my_first_package_msgs__rosidl_typesupport_fastrtps_c__pyext
[1.276s] [ 94%] Built target my_first_package_msgs__rosidl_typesupport_c__pyext
[1.278s] [100%] Built target my_first_package_msgs__rosidl_typesupport_introspection_c__pyext
[1.421s] running egg_info
[1.422s] writing my_first_package_msgs.egg-info/PKG-INFO
[1.422s] writing dependency_links to my_first_package_msgs.egg-info/dependency_links.txt
[1.422s] writing top-level names to my_first_package_msgs.egg-info/top_level.txt
[1.425s] reading manifest file 'my_first_package_msgs.egg-info/SOURCES.txt'
[1.425s] writing manifest file 'my_first_package_msgs.egg-info/SOURCES.txt'
[1.448s] [100%] Built target ament_cmake_python_build_my_first_package_msgs_egg
[1.457s] Invoked command in '/home/min/dev_ws/ros/build/my_first_package_msgs' returned '0': CMAKE_PREFIX_PATH=${CMAKE_PREFIX_PATH}:/home/min/dev_ws/ros/install/my_first_package:/opt/ros/humble /usr/bin/cmake --build /home/min/dev_ws/ros/build/my_first_package_msgs -- -j12 -l12
[1.521s] Invoking command in '/home/min/dev_ws/ros/build/my_first_package_msgs': CMAKE_PREFIX_PATH=${CMAKE_PREFIX_PATH}:/home/min/dev_ws/ros/install/my_first_package:/opt/ros/humble /usr/bin/cmake --install /home/min/dev_ws/ros/build/my_first_package_msgs
[1.528s] -- Install configuration: ""
[1.529s] -- Up-to-date: /home/min/dev_ws/ros/install/my_first_package_msgs/share/ament_index/resource_index/rosidl_interfaces/my_first_package_msgs
[1.529s] -- Up-to-date: /home/min/dev_ws/ros/install/my_first_package_msgs/include/my_first_package_msgs/my_first_package_msgs
[1.529s] -- Up-to-date: /home/min/dev_ws/ros/install/my_first_package_msgs/include/my_first_package_msgs/my_first_package_msgs/msg
[1.529s] -- Up-to-date: /home/min/dev_ws/ros/install/my_first_package_msgs/include/my_first_package_msgs/my_first_package_msgs/msg/detail
[1.529s] -- Up-to-date: /home/min/dev_ws/ros/install/my_first_package_msgs/include/my_first_package_msgs/my_first_package_msgs/msg/detail/cmd_and_pose_vel__type_support.h
[1.529s] -- Up-to-date: /home/min/dev_ws/ros/install/my_first_package_msgs/include/my_first_package_msgs/my_first_package_msgs/msg/detail/cmd_and_pose_vel__functions.h
[1.529s] -- Up-to-date: /home/min/dev_ws/ros/install/my_first_package_msgs/include/my_first_package_msgs/my_first_package_msgs/msg/detail/cmd_and_pose_vel__struct.h
[1.529s] -- Up-to-date: /home/min/dev_ws/ros/install/my_first_package_msgs/include/my_first_package_msgs/my_first_package_msgs/msg/detail/cmd_and_pose_vel__functions.c
[1.530s] -- Up-to-date: /home/min/dev_ws/ros/install/my_first_package_msgs/include/my_first_package_msgs/my_first_package_msgs/msg/cmd_and_pose_vel.h
[1.530s] -- Up-to-date: /home/min/dev_ws/ros/install/my_first_package_msgs/include/my_first_package_msgs/my_first_package_msgs/msg/rosidl_generator_c__visibility_control.h
[1.530s] -- Up-to-date: /home/min/dev_ws/ros/install/my_first_package_msgs/include/my_first_package_msgs/my_first_package_msgs/srv
[1.530s] -- Up-to-date: /home/min/dev_ws/ros/install/my_first_package_msgs/include/my_first_package_msgs/my_first_package_msgs/srv/detail
[1.530s] -- Up-to-date: /home/min/dev_ws/ros/install/my_first_package_msgs/include/my_first_package_msgs/my_first_package_msgs/srv/detail/multi_spawn__functions.h
[1.530s] -- Up-to-date: /home/min/dev_ws/ros/install/my_first_package_msgs/include/my_first_package_msgs/my_first_package_msgs/srv/detail/multi_spawn__functions.c
[1.530s] -- Up-to-date: /home/min/dev_ws/ros/install/my_first_package_msgs/include/my_first_package_msgs/my_first_package_msgs/srv/detail/multi_spawn__struct.h
[1.530s] -- Up-to-date: /home/min/dev_ws/ros/install/my_first_package_msgs/include/my_first_package_msgs/my_first_package_msgs/srv/detail/multi_spawn__type_support.h
[1.530s] -- Up-to-date: /home/min/dev_ws/ros/install/my_first_package_msgs/include/my_first_package_msgs/my_first_package_msgs/srv/multi_spawn.h
[1.530s] -- Up-to-date: /home/min/dev_ws/ros/install/my_first_package_msgs/share/my_first_package_msgs/environment/library_path.sh
[1.530s] -- Installing: /home/min/dev_ws/ros/install/my_first_package_msgs/share/my_first_package_msgs/environment/library_path.dsv
[1.530s] -- Up-to-date: /home/min/dev_ws/ros/install/my_first_package_msgs/lib/libmy_first_package_msgs__rosidl_generator_c.so
[1.530s] -- Up-to-date: /home/min/dev_ws/ros/install/my_first_package_msgs/include/my_first_package_msgs/my_first_package_msgs
[1.531s] -- Up-to-date: /home/min/dev_ws/ros/install/my_first_package_msgs/include/my_first_package_msgs/my_first_package_msgs/msg
[1.531s] -- Up-to-date: /home/min/dev_ws/ros/install/my_first_package_msgs/include/my_first_package_msgs/my_first_package_msgs/msg/detail
[1.531s] -- Up-to-date: /home/min/dev_ws/ros/install/my_first_package_msgs/include/my_first_package_msgs/my_first_package_msgs/msg/detail/cmd_and_pose_vel__rosidl_typesupport_fastrtps_c.h
[1.531s] -- Up-to-date: /home/min/dev_ws/ros/install/my_first_package_msgs/include/my_first_package_msgs/my_first_package_msgs/msg/rosidl_typesupport_fastrtps_c__visibility_control.h
[1.531s] -- Up-to-date: /home/min/dev_ws/ros/install/my_first_package_msgs/include/my_first_package_msgs/my_first_package_msgs/srv
[1.531s] -- Up-to-date: /home/min/dev_ws/ros/install/my_first_package_msgs/include/my_first_package_msgs/my_first_package_msgs/srv/detail
[1.531s] -- Up-to-date: /home/min/dev_ws/ros/install/my_first_package_msgs/include/my_first_package_msgs/my_first_package_msgs/srv/detail/multi_spawn__rosidl_typesupport_fastrtps_c.h
[1.531s] -- Up-to-date: /home/min/dev_ws/ros/install/my_first_package_msgs/lib/libmy_first_package_msgs__rosidl_typesupport_fastrtps_c.so
[1.531s] -- Up-to-date: /home/min/dev_ws/ros/install/my_first_package_msgs/include/my_first_package_msgs/my_first_package_msgs
[1.532s] -- Up-to-date: /home/min/dev_ws/ros/install/my_first_package_msgs/include/my_first_package_msgs/my_first_package_msgs/msg
[1.532s] -- Up-to-date: /home/min/dev_ws/ros/install/my_first_package_msgs/include/my_first_package_msgs/my_first_package_msgs/msg/detail
[1.532s] -- Up-to-date: /home/min/dev_ws/ros/install/my_first_package_msgs/include/my_first_package_msgs/my_first_package_msgs/msg/detail/cmd_and_pose_vel__type_support.c
[1.532s] -- Up-to-date: /home/min/dev_ws/ros/install/my_first_package_msgs/include/my_first_package_msgs/my_first_package_msgs/msg/detail/cmd_and_pose_vel__rosidl_typesupport_introspection_c.h
[1.532s] -- Up-to-date: /home/min/dev_ws/ros/install/my_first_package_msgs/include/my_first_package_msgs/my_first_package_msgs/msg/rosidl_typesupport_introspection_c__visibility_control.h
[1.532s] -- Up-to-date: /home/min/dev_ws/ros/install/my_first_package_msgs/include/my_first_package_msgs/my_first_package_msgs/srv
[1.532s] -- Up-to-date: /home/min/dev_ws/ros/install/my_first_package_msgs/include/my_first_package_msgs/my_first_package_msgs/srv/detail
[1.532s] -- Up-to-date: /home/min/dev_ws/ros/install/my_first_package_msgs/include/my_first_package_msgs/my_first_package_msgs/srv/detail/multi_spawn__type_support.c
[1.532s] -- Up-to-date: /home/min/dev_ws/ros/install/my_first_package_msgs/include/my_first_package_msgs/my_first_package_msgs/srv/detail/multi_spawn__rosidl_typesupport_introspection_c.h
[1.532s] -- Up-to-date: /home/min/dev_ws/ros/install/my_first_package_msgs/lib/libmy_first_package_msgs__rosidl_typesupport_introspection_c.so
[1.532s] -- Up-to-date: /home/min/dev_ws/ros/install/my_first_package_msgs/lib/libmy_first_package_msgs__rosidl_typesupport_c.so
[1.532s] -- Up-to-date: /home/min/dev_ws/ros/install/my_first_package_msgs/include/my_first_package_msgs/my_first_package_msgs
[1.532s] -- Up-to-date: /home/min/dev_ws/ros/install/my_first_package_msgs/include/my_first_package_msgs/my_first_package_msgs/msg
[1.532s] -- Up-to-date: /home/min/dev_ws/ros/install/my_first_package_msgs/include/my_first_package_msgs/my_first_package_msgs/msg/cmd_and_pose_vel.hpp
[1.532s] -- Up-to-date: /home/min/dev_ws/ros/install/my_first_package_msgs/include/my_first_package_msgs/my_first_package_msgs/msg/detail
[1.532s] -- Up-to-date: /home/min/dev_ws/ros/install/my_first_package_msgs/include/my_first_package_msgs/my_first_package_msgs/msg/detail/cmd_and_pose_vel__traits.hpp
[1.533s] -- Up-to-date: /home/min/dev_ws/ros/install/my_first_package_msgs/include/my_first_package_msgs/my_first_package_msgs/msg/detail/cmd_and_pose_vel__builder.hpp
[1.533s] -- Up-to-date: /home/min/dev_ws/ros/install/my_first_package_msgs/include/my_first_package_msgs/my_first_package_msgs/msg/detail/cmd_and_pose_vel__struct.hpp
[1.533s] -- Up-to-date: /home/min/dev_ws/ros/install/my_first_package_msgs/include/my_first_package_msgs/my_first_package_msgs/srv
[1.533s] -- Up-to-date: /home/min/dev_ws/ros/install/my_first_package_msgs/include/my_first_package_msgs/my_first_package_msgs/srv/detail
[1.533s] -- Up-to-date: /home/min/dev_ws/ros/install/my_first_package_msgs/include/my_first_package_msgs/my_first_package_msgs/srv/detail/multi_spawn__builder.hpp
[1.533s] -- Up-to-date: /home/min/dev_ws/ros/install/my_first_package_msgs/include/my_first_package_msgs/my_first_package_msgs/srv/detail/multi_spawn__struct.hpp
[1.533s] -- Up-to-date: /home/min/dev_ws/ros/install/my_first_package_msgs/include/my_first_package_msgs/my_first_package_msgs/srv/detail/multi_spawn__traits.hpp
[1.533s] -- Up-to-date: /home/min/dev_ws/ros/install/my_first_package_msgs/include/my_first_package_msgs/my_first_package_msgs/srv/multi_spawn.hpp
[1.533s] -- Up-to-date: /home/min/dev_ws/ros/install/my_first_package_msgs/include/my_first_package_msgs/my_first_package_msgs
[1.533s] -- Up-to-date: /home/min/dev_ws/ros/install/my_first_package_msgs/include/my_first_package_msgs/my_first_package_msgs/msg
[1.533s] -- Up-to-date: /home/min/dev_ws/ros/install/my_first_package_msgs/include/my_first_package_msgs/my_first_package_msgs/msg/rosidl_typesupport_fastrtps_cpp__visibility_control.h
[1.533s] -- Up-to-date: /home/min/dev_ws/ros/install/my_first_package_msgs/include/my_first_package_msgs/my_first_package_msgs/msg/detail
[1.533s] -- Up-to-date: /home/min/dev_ws/ros/install/my_first_package_msgs/include/my_first_package_msgs/my_first_package_msgs/msg/detail/dds_fastrtps
[1.533s] -- Up-to-date: /home/min/dev_ws/ros/install/my_first_package_msgs/include/my_first_package_msgs/my_first_package_msgs/msg/detail/cmd_and_pose_vel__rosidl_typesupport_fastrtps_cpp.hpp
[1.533s] -- Up-to-date: /home/min/dev_ws/ros/install/my_first_package_msgs/include/my_first_package_msgs/my_first_package_msgs/srv
[1.533s] -- Up-to-date: /home/min/dev_ws/ros/install/my_first_package_msgs/include/my_first_package_msgs/my_first_package_msgs/srv/detail
[1.534s] -- Up-to-date: /home/min/dev_ws/ros/install/my_first_package_msgs/include/my_first_package_msgs/my_first_package_msgs/srv/detail/dds_fastrtps
[1.534s] -- Up-to-date: /home/min/dev_ws/ros/install/my_first_package_msgs/include/my_first_package_msgs/my_first_package_msgs/srv/detail/multi_spawn__rosidl_typesupport_fastrtps_cpp.hpp
[1.534s] -- Up-to-date: /home/min/dev_ws/ros/install/my_first_package_msgs/lib/libmy_first_package_msgs__rosidl_typesupport_fastrtps_cpp.so
[1.534s] -- Up-to-date: /home/min/dev_ws/ros/install/my_first_package_msgs/include/my_first_package_msgs/my_first_package_msgs
[1.534s] -- Up-to-date: /home/min/dev_ws/ros/install/my_first_package_msgs/include/my_first_package_msgs/my_first_package_msgs/msg
[1.534s] -- Up-to-date: /home/min/dev_ws/ros/install/my_first_package_msgs/include/my_first_package_msgs/my_first_package_msgs/msg/detail
[1.534s] -- Up-to-date: /home/min/dev_ws/ros/install/my_first_package_msgs/include/my_first_package_msgs/my_first_package_msgs/msg/detail/cmd_and_pose_vel__rosidl_typesupport_introspection_cpp.hpp
[1.534s] -- Up-to-date: /home/min/dev_ws/ros/install/my_first_package_msgs/include/my_first_package_msgs/my_first_package_msgs/msg/detail/cmd_and_pose_vel__type_support.cpp
[1.534s] -- Up-to-date: /home/min/dev_ws/ros/install/my_first_package_msgs/include/my_first_package_msgs/my_first_package_msgs/srv
[1.534s] -- Up-to-date: /home/min/dev_ws/ros/install/my_first_package_msgs/include/my_first_package_msgs/my_first_package_msgs/srv/detail
[1.534s] -- Up-to-date: /home/min/dev_ws/ros/install/my_first_package_msgs/include/my_first_package_msgs/my_first_package_msgs/srv/detail/multi_spawn__rosidl_typesupport_introspection_cpp.hpp
[1.534s] -- Up-to-date: /home/min/dev_ws/ros/install/my_first_package_msgs/include/my_first_package_msgs/my_first_package_msgs/srv/detail/multi_spawn__type_support.cpp
[1.534s] -- Up-to-date: /home/min/dev_ws/ros/install/my_first_package_msgs/lib/libmy_first_package_msgs__rosidl_typesupport_introspection_cpp.so
[1.534s] -- Up-to-date: /home/min/dev_ws/ros/install/my_first_package_msgs/lib/libmy_first_package_msgs__rosidl_typesupport_cpp.so
[1.534s] -- Up-to-date: /home/min/dev_ws/ros/install/my_first_package_msgs/share/my_first_package_msgs/environment/pythonpath.sh
[1.534s] -- Installing: /home/min/dev_ws/ros/install/my_first_package_msgs/share/my_first_package_msgs/environment/pythonpath.dsv
[1.534s] -- Up-to-date: /home/min/dev_ws/ros/install/my_first_package_msgs/local/lib/python3.10/dist-packages/my_first_package_msgs-0.0.0-py3.10.egg-info
[1.534s] -- Installing: /home/min/dev_ws/ros/install/my_first_package_msgs/local/lib/python3.10/dist-packages/my_first_package_msgs-0.0.0-py3.10.egg-info/dependency_links.txt
[1.535s] -- Installing: /home/min/dev_ws/ros/install/my_first_package_msgs/local/lib/python3.10/dist-packages/my_first_package_msgs-0.0.0-py3.10.egg-info/SOURCES.txt
[1.535s] -- Installing: /home/min/dev_ws/ros/install/my_first_package_msgs/local/lib/python3.10/dist-packages/my_first_package_msgs-0.0.0-py3.10.egg-info/top_level.txt
[1.535s] -- Installing: /home/min/dev_ws/ros/install/my_first_package_msgs/local/lib/python3.10/dist-packages/my_first_package_msgs-0.0.0-py3.10.egg-info/PKG-INFO
[1.535s] -- Up-to-date: /home/min/dev_ws/ros/install/my_first_package_msgs/local/lib/python3.10/dist-packages/my_first_package_msgs
[1.535s] -- Up-to-date: /home/min/dev_ws/ros/install/my_first_package_msgs/local/lib/python3.10/dist-packages/my_first_package_msgs/_my_first_package_msgs_s.ep.rosidl_typesupport_c.c
[1.535s] -- Up-to-date: /home/min/dev_ws/ros/install/my_first_package_msgs/local/lib/python3.10/dist-packages/my_first_package_msgs/my_first_package_msgs_s__rosidl_typesupport_c.cpython-310-x86_64-linux-gnu.so
[1.535s] -- Up-to-date: /home/min/dev_ws/ros/install/my_first_package_msgs/local/lib/python3.10/dist-packages/my_first_package_msgs/_my_first_package_msgs_s.ep.rosidl_typesupport_introspection_c.c
[1.535s] -- Up-to-date: /home/min/dev_ws/ros/install/my_first_package_msgs/local/lib/python3.10/dist-packages/my_first_package_msgs/msg
[1.535s] -- Up-to-date: /home/min/dev_ws/ros/install/my_first_package_msgs/local/lib/python3.10/dist-packages/my_first_package_msgs/msg/_cmd_and_pose_vel.py
[1.535s] -- Up-to-date: /home/min/dev_ws/ros/install/my_first_package_msgs/local/lib/python3.10/dist-packages/my_first_package_msgs/msg/__init__.py
[1.535s] -- Up-to-date: /home/min/dev_ws/ros/install/my_first_package_msgs/local/lib/python3.10/dist-packages/my_first_package_msgs/msg/_cmd_and_pose_vel_s.c
[1.535s] -- Up-to-date: /home/min/dev_ws/ros/install/my_first_package_msgs/local/lib/python3.10/dist-packages/my_first_package_msgs/srv
[1.535s] -- Up-to-date: /home/min/dev_ws/ros/install/my_first_package_msgs/local/lib/python3.10/dist-packages/my_first_package_msgs/srv/_multi_spawn_s.c
[1.535s] -- Up-to-date: /home/min/dev_ws/ros/install/my_first_package_msgs/local/lib/python3.10/dist-packages/my_first_package_msgs/srv/__init__.py
[1.535s] -- Up-to-date: /home/min/dev_ws/ros/install/my_first_package_msgs/local/lib/python3.10/dist-packages/my_first_package_msgs/srv/_multi_spawn.py
[1.535s] -- Up-to-date: /home/min/dev_ws/ros/install/my_first_package_msgs/local/lib/python3.10/dist-packages/my_first_package_msgs/libmy_first_package_msgs__rosidl_generator_py.so
[1.535s] -- Up-to-date: /home/min/dev_ws/ros/install/my_first_package_msgs/local/lib/python3.10/dist-packages/my_first_package_msgs/my_first_package_msgs_s__rosidl_typesupport_fastrtps_c.cpython-310-x86_64-linux-gnu.so
[1.535s] -- Up-to-date: /home/min/dev_ws/ros/install/my_first_package_msgs/local/lib/python3.10/dist-packages/my_first_package_msgs/_my_first_package_msgs_s.ep.rosidl_typesupport_fastrtps_c.c
[1.536s] -- Up-to-date: /home/min/dev_ws/ros/install/my_first_package_msgs/local/lib/python3.10/dist-packages/my_first_package_msgs/my_first_package_msgs_s__rosidl_typesupport_introspection_c.cpython-310-x86_64-linux-gnu.so
[1.536s] -- Installing: /home/min/dev_ws/ros/install/my_first_package_msgs/local/lib/python3.10/dist-packages/my_first_package_msgs/__init__.py
[1.560s] Listing '/home/min/dev_ws/ros/install/my_first_package_msgs/local/lib/python3.10/dist-packages/my_first_package_msgs'...
[1.560s] Compiling '/home/min/dev_ws/ros/install/my_first_package_msgs/local/lib/python3.10/dist-packages/my_first_package_msgs/__init__.py'...
[1.560s] Listing '/home/min/dev_ws/ros/install/my_first_package_msgs/local/lib/python3.10/dist-packages/my_first_package_msgs/msg'...
[1.560s] Listing '/home/min/dev_ws/ros/install/my_first_package_msgs/local/lib/python3.10/dist-packages/my_first_package_msgs/srv'...
[1.563s] -- Up-to-date: /home/min/dev_ws/ros/install/my_first_package_msgs/local/lib/python3.10/dist-packages/my_first_package_msgs/my_first_package_msgs_s__rosidl_typesupport_fastrtps_c.cpython-310-x86_64-linux-gnu.so
[1.563s] -- Up-to-date: /home/min/dev_ws/ros/install/my_first_package_msgs/local/lib/python3.10/dist-packages/my_first_package_msgs/my_first_package_msgs_s__rosidl_typesupport_introspection_c.cpython-310-x86_64-linux-gnu.so
[1.564s] -- Up-to-date: /home/min/dev_ws/ros/install/my_first_package_msgs/local/lib/python3.10/dist-packages/my_first_package_msgs/my_first_package_msgs_s__rosidl_typesupport_c.cpython-310-x86_64-linux-gnu.so
[1.564s] -- Up-to-date: /home/min/dev_ws/ros/install/my_first_package_msgs/lib/libmy_first_package_msgs__rosidl_generator_py.so
[1.564s] -- Up-to-date: /home/min/dev_ws/ros/install/my_first_package_msgs/share/my_first_package_msgs/msg/CmdAndPoseVel.idl
[1.564s] -- Up-to-date: /home/min/dev_ws/ros/install/my_first_package_msgs/share/my_first_package_msgs/srv/MultiSpawn.idl
[1.564s] -- Up-to-date: /home/min/dev_ws/ros/install/my_first_package_msgs/share/my_first_package_msgs/msg/CmdAndPoseVel.msg
[1.565s] -- Up-to-date: /home/min/dev_ws/ros/install/my_first_package_msgs/share/my_first_package_msgs/srv/MultiSpawn.srv
[1.565s] -- Up-to-date: /home/min/dev_ws/ros/install/my_first_package_msgs/share/my_first_package_msgs/srv/MultiSpawn_Request.msg
[1.565s] -- Up-to-date: /home/min/dev_ws/ros/install/my_first_package_msgs/share/my_first_package_msgs/srv/MultiSpawn_Response.msg
[1.565s] -- Up-to-date: /home/min/dev_ws/ros/install/my_first_package_msgs/share/ament_index/resource_index/package_run_dependencies/my_first_package_msgs
[1.565s] -- Up-to-date: /home/min/dev_ws/ros/install/my_first_package_msgs/share/ament_index/resource_index/parent_prefix_path/my_first_package_msgs
[1.565s] -- Up-to-date: /home/min/dev_ws/ros/install/my_first_package_msgs/share/my_first_package_msgs/environment/ament_prefix_path.sh
[1.565s] -- Installing: /home/min/dev_ws/ros/install/my_first_package_msgs/share/my_first_package_msgs/environment/ament_prefix_path.dsv
[1.565s] -- Up-to-date: /home/min/dev_ws/ros/install/my_first_package_msgs/share/my_first_package_msgs/environment/path.sh
[1.565s] -- Installing: /home/min/dev_ws/ros/install/my_first_package_msgs/share/my_first_package_msgs/environment/path.dsv
[1.566s] -- Up-to-date: /home/min/dev_ws/ros/install/my_first_package_msgs/share/my_first_package_msgs/local_setup.bash
[1.566s] -- Up-to-date: /home/min/dev_ws/ros/install/my_first_package_msgs/share/my_first_package_msgs/local_setup.sh
[1.566s] -- Up-to-date: /home/min/dev_ws/ros/install/my_first_package_msgs/share/my_first_package_msgs/local_setup.zsh
[1.566s] -- Installing: /home/min/dev_ws/ros/install/my_first_package_msgs/share/my_first_package_msgs/local_setup.dsv
[1.566s] -- Installing: /home/min/dev_ws/ros/install/my_first_package_msgs/share/my_first_package_msgs/package.dsv
[1.566s] -- Up-to-date: /home/min/dev_ws/ros/install/my_first_package_msgs/share/ament_index/resource_index/packages/my_first_package_msgs
[1.566s] -- Up-to-date: /home/min/dev_ws/ros/install/my_first_package_msgs/share/my_first_package_msgs/cmake/export_my_first_package_msgs__rosidl_generator_cExport.cmake
[1.566s] -- Up-to-date: /home/min/dev_ws/ros/install/my_first_package_msgs/share/my_first_package_msgs/cmake/export_my_first_package_msgs__rosidl_generator_cExport-noconfig.cmake
[1.567s] -- Up-to-date: /home/min/dev_ws/ros/install/my_first_package_msgs/share/my_first_package_msgs/cmake/export_my_first_package_msgs__rosidl_typesupport_fastrtps_cExport.cmake
[1.567s] -- Up-to-date: /home/min/dev_ws/ros/install/my_first_package_msgs/share/my_first_package_msgs/cmake/export_my_first_package_msgs__rosidl_typesupport_fastrtps_cExport-noconfig.cmake
[1.567s] -- Up-to-date: /home/min/dev_ws/ros/install/my_first_package_msgs/share/my_first_package_msgs/cmake/my_first_package_msgs__rosidl_typesupport_introspection_cExport.cmake
[1.567s] -- Up-to-date: /home/min/dev_ws/ros/install/my_first_package_msgs/share/my_first_package_msgs/cmake/my_first_package_msgs__rosidl_typesupport_introspection_cExport-noconfig.cmake
[1.567s] -- Up-to-date: /home/min/dev_ws/ros/install/my_first_package_msgs/share/my_first_package_msgs/cmake/my_first_package_msgs__rosidl_typesupport_cExport.cmake
[1.567s] -- Up-to-date: /home/min/dev_ws/ros/install/my_first_package_msgs/share/my_first_package_msgs/cmake/my_first_package_msgs__rosidl_typesupport_cExport-noconfig.cmake
[1.567s] -- Up-to-date: /home/min/dev_ws/ros/install/my_first_package_msgs/share/my_first_package_msgs/cmake/export_my_first_package_msgs__rosidl_generator_cppExport.cmake
[1.567s] -- Up-to-date: /home/min/dev_ws/ros/install/my_first_package_msgs/share/my_first_package_msgs/cmake/export_my_first_package_msgs__rosidl_typesupport_fastrtps_cppExport.cmake
[1.568s] -- Up-to-date: /home/min/dev_ws/ros/install/my_first_package_msgs/share/my_first_package_msgs/cmake/export_my_first_package_msgs__rosidl_typesupport_fastrtps_cppExport-noconfig.cmake
[1.568s] -- Up-to-date: /home/min/dev_ws/ros/install/my_first_package_msgs/share/my_first_package_msgs/cmake/my_first_package_msgs__rosidl_typesupport_introspection_cppExport.cmake
[1.568s] -- Up-to-date: /home/min/dev_ws/ros/install/my_first_package_msgs/share/my_first_package_msgs/cmake/my_first_package_msgs__rosidl_typesupport_introspection_cppExport-noconfig.cmake
[1.568s] -- Up-to-date: /home/min/dev_ws/ros/install/my_first_package_msgs/share/my_first_package_msgs/cmake/my_first_package_msgs__rosidl_typesupport_cppExport.cmake
[1.568s] -- Up-to-date: /home/min/dev_ws/ros/install/my_first_package_msgs/share/my_first_package_msgs/cmake/my_first_package_msgs__rosidl_typesupport_cppExport-noconfig.cmake
[1.568s] -- Up-to-date: /home/min/dev_ws/ros/install/my_first_package_msgs/share/my_first_package_msgs/cmake/export_my_first_package_msgs__rosidl_generator_pyExport.cmake
[1.568s] -- Up-to-date: /home/min/dev_ws/ros/install/my_first_package_msgs/share/my_first_package_msgs/cmake/export_my_first_package_msgs__rosidl_generator_pyExport-noconfig.cmake
[1.568s] -- Up-to-date: /home/min/dev_ws/ros/install/my_first_package_msgs/share/my_first_package_msgs/cmake/rosidl_cmake-extras.cmake
[1.568s] -- Up-to-date: /home/min/dev_ws/ros/install/my_first_package_msgs/share/my_first_package_msgs/cmake/ament_cmake_export_include_directories-extras.cmake
[1.568s] -- Up-to-date: /home/min/dev_ws/ros/install/my_first_package_msgs/share/my_first_package_msgs/cmake/ament_cmake_export_libraries-extras.cmake
[1.568s] -- Up-to-date: /home/min/dev_ws/ros/install/my_first_package_msgs/share/my_first_package_msgs/cmake/ament_cmake_export_targets-extras.cmake
[1.568s] -- Up-to-date: /home/min/dev_ws/ros/install/my_first_package_msgs/share/my_first_package_msgs/cmake/rosidl_cmake_export_typesupport_targets-extras.cmake
[1.569s] -- Up-to-date: /home/min/dev_ws/ros/install/my_first_package_msgs/share/my_first_package_msgs/cmake/ament_cmake_export_dependencies-extras.cmake
[1.569s] -- Up-to-date: /home/min/dev_ws/ros/install/my_first_package_msgs/share/my_first_package_msgs/cmake/rosidl_cmake_export_typesupport_libraries-extras.cmake
[1.569s] -- Up-to-date: /home/min/dev_ws/ros/install/my_first_package_msgs/share/my_first_package_msgs/cmake/my_first_package_msgsConfig.cmake
[1.569s] -- Up-to-date: /home/min/dev_ws/ros/install/my_first_package_msgs/share/my_first_package_msgs/cmake/my_first_package_msgsConfig-version.cmake
[1.569s] -- Installing: /home/min/dev_ws/ros/install/my_first_package_msgs/share/my_first_package_msgs/package.xml
[1.570s] Invoked command in '/home/min/dev_ws/ros/build/my_first_package_msgs' returned '0': CMAKE_PREFIX_PATH=${CMAKE_PREFIX_PATH}:/home/min/dev_ws/ros/install/my_first_package:/opt/ros/humble /usr/bin/cmake --install /home/min/dev_ws/ros/build/my_first_package_msgs
