[0.012s] Invoking command in '/home/min/dev_ws/ros/build/my_first_package_msgs': CMAKE_PREFIX_PATH=${CMAKE_PREFIX_PATH}:/home/min/dev_ws/ros/install/my_first_package:/opt/ros/humble /usr/bin/cmake --build /home/min/dev_ws/ros/build/my_first_package_msgs -- -j12 -l12
[0.055s] -- Found ament_cmake: 1.3.9 (/opt/ros/humble/share/ament_cmake/cmake)
[0.178s] -- Found rosidl_default_generators: 1.2.0 (/opt/ros/humble/share/rosidl_default_generators/cmake)
[0.180s] -- Using all available rosidl_typesupport_c: rosidl_typesupport_fastrtps_c;rosidl_typesupport_introspection_c
[0.184s] -- Found rosidl_adapter: 3.1.5 (/opt/ros/humble/share/rosidl_adapter/cmake)
[0.218s] -- Using all available rosidl_typesupport_cpp: rosidl_typesupport_fastrtps_cpp;rosidl_typesupport_introspection_cpp
[0.474s] -- Found ament_cmake_ros: 0.10.0 (/opt/ros/humble/share/ament_cmake_ros/cmake)
[0.620s] -- Using all available rosidl_typesupport_c: rosidl_typesupport_fastrtps_c;rosidl_typesupport_introspection_c
[0.808s] -- Using all available rosidl_typesupport_cpp: rosidl_typesupport_fastrtps_cpp;rosidl_typesupport_introspection_cpp
[0.827s] -- Found python_cmake_module: 0.10.0 (/opt/ros/humble/share/python_cmake_module/cmake)
[0.846s] -- Using PYTHON_EXECUTABLE: /usr/bin/python3
[0.847s] -- Using PYTHON_INCLUDE_DIRS: /usr/include/python3.10
[0.847s] -- Using PYTHON_LIBRARIES: /usr/lib/x86_64-linux-gnu/libpython3.10.so
[0.857s] -- Found ament_lint_auto: 0.12.11 (/opt/ros/humble/share/ament_lint_auto/cmake)
[0.876s] -- Added test 'lint_cmake' to check CMake code style
[0.877s] -- Added test 'xmllint' to check XML markup files
[0.881s] -- Configuring done
[0.928s] -- Generating done
[0.932s] -- Build files have been written to: /home/min/dev_ws/ros/build/my_first_package_msgs
[0.954s] [  2%] [34m[1mGenerating C code for ROS interfaces[0m
[0.962s] [  5%] [34m[1mGenerating C++ code for ROS interfaces[0m
[0.972s] [  5%] Built target ament_cmake_python_copy_my_first_package_msgs
[1.205s] running egg_info
[1.205s] writing my_first_package_msgs.egg-info/PKG-INFO
[1.205s] writing dependency_links to my_first_package_msgs.egg-info/dependency_links.txt
[1.206s] writing top-level names to my_first_package_msgs.egg-info/top_level.txt
[1.209s] reading manifest file 'my_first_package_msgs.egg-info/SOURCES.txt'
[1.209s] writing manifest file 'my_first_package_msgs.egg-info/SOURCES.txt'
[1.231s] [  5%] Built target my_first_package_msgs__cpp
[1.241s] [ 12%] [34m[1mGenerating C++ type support for eProsima Fast-RTPS[0m
[1.241s] [ 12%] [34m[1mGenerating C++ type support dispatch for ROS interfaces[0m
[1.241s] [ 12%] [34m[1mGenerating C++ introspection for ROS interfaces[0m
[1.241s] [35m[1mConsolidate compiler generated dependencies of target my_first_package_msgs__rosidl_generator_c[0m
[1.243s] [ 12%] Built target ament_cmake_python_build_my_first_package_msgs_egg
[1.254s] [ 17%] [32mBuilding C object CMakeFiles/my_first_package_msgs__rosidl_generator_c.dir/rosidl_generator_c/my_first_package_msgs/msg/detail/cmd_and_pose_vel__functions.c.o[0m
[1.254s] [ 17%] [32mBuilding C object CMakeFiles/my_first_package_msgs__rosidl_generator_c.dir/rosidl_generator_c/my_first_package_msgs/srv/detail/multi_spawn__functions.c.o[0m
[1.366s] [ 20%] [32m[1mLinking C shared library libmy_first_package_msgs__rosidl_generator_c.so[0m
[1.405s] [ 20%] Built target my_first_package_msgs__rosidl_generator_c
[1.413s] [ 28%] [34m[1mGenerating C type support for eProsima Fast-RTPS[0m
[1.413s] [ 28%] [34m[1mGenerating C introspection for ROS interfaces[0m
[1.413s] [ 28%] [34m[1mGenerating C type support dispatch for ROS interfaces[0m
[1.490s] [35m[1mConsolidate compiler generated dependencies of target my_first_package_msgs__rosidl_typesupport_introspection_cpp[0m
[1.490s] [35m[1mConsolidate compiler generated dependencies of target my_first_package_msgs__rosidl_typesupport_cpp[0m
[1.507s] [ 33%] [32mBuilding CXX object CMakeFiles/my_first_package_msgs__rosidl_typesupport_introspection_cpp.dir/rosidl_typesupport_introspection_cpp/my_first_package_msgs/msg/detail/cmd_and_pose_vel__type_support.cpp.o[0m
[1.507s] [ 33%] [32mBuilding CXX object CMakeFiles/my_first_package_msgs__rosidl_typesupport_introspection_cpp.dir/rosidl_typesupport_introspection_cpp/my_first_package_msgs/srv/detail/multi_spawn__type_support.cpp.o[0m
[1.508s] [35m[1mConsolidate compiler generated dependencies of target my_first_package_msgs__rosidl_typesupport_fastrtps_cpp[0m
[1.509s] [ 35%] [32mBuilding CXX object CMakeFiles/my_first_package_msgs__rosidl_typesupport_cpp.dir/rosidl_typesupport_cpp/my_first_package_msgs/msg/cmd_and_pose_vel__type_support.cpp.o[0m
[1.509s] [ 38%] [32mBuilding CXX object CMakeFiles/my_first_package_msgs__rosidl_typesupport_cpp.dir/rosidl_typesupport_cpp/my_first_package_msgs/srv/multi_spawn__type_support.cpp.o[0m
[1.521s] [ 43%] [32mBuilding CXX object CMakeFiles/my_first_package_msgs__rosidl_typesupport_fastrtps_cpp.dir/rosidl_typesupport_fastrtps_cpp/my_first_package_msgs/srv/detail/dds_fastrtps/multi_spawn__type_support.cpp.o[0m
[1.521s] [ 43%] [32mBuilding CXX object CMakeFiles/my_first_package_msgs__rosidl_typesupport_fastrtps_cpp.dir/rosidl_typesupport_fastrtps_cpp/my_first_package_msgs/msg/detail/dds_fastrtps/cmd_and_pose_vel__type_support.cpp.o[0m
[1.697s] [35m[1mConsolidate compiler generated dependencies of target my_first_package_msgs__rosidl_typesupport_introspection_c[0m
[1.708s] [ 46%] [32mBuilding C object CMakeFiles/my_first_package_msgs__rosidl_typesupport_introspection_c.dir/rosidl_typesupport_introspection_c/my_first_package_msgs/msg/detail/cmd_and_pose_vel__type_support.c.o[0m
[1.710s] [35m[1mConsolidate compiler generated dependencies of target my_first_package_msgs__rosidl_typesupport_c[0m
[1.710s] [ 48%] [32mBuilding C object CMakeFiles/my_first_package_msgs__rosidl_typesupport_introspection_c.dir/rosidl_typesupport_introspection_c/my_first_package_msgs/srv/detail/multi_spawn__type_support.c.o[0m
[1.723s] [ 53%] [32mBuilding CXX object CMakeFiles/my_first_package_msgs__rosidl_typesupport_c.dir/rosidl_typesupport_c/my_first_package_msgs/srv/multi_spawn__type_support.cpp.o[0m
[1.724s] [ 53%] [32mBuilding CXX object CMakeFiles/my_first_package_msgs__rosidl_typesupport_c.dir/rosidl_typesupport_c/my_first_package_msgs/msg/cmd_and_pose_vel__type_support.cpp.o[0m
[1.762s] [ 56%] [32m[1mLinking C shared library libmy_first_package_msgs__rosidl_typesupport_introspection_c.so[0m
[1.773s] [ 58%] [32m[1mLinking CXX shared library libmy_first_package_msgs__rosidl_typesupport_c.so[0m
[1.791s] [35m[1mConsolidate compiler generated dependencies of target my_first_package_msgs__rosidl_typesupport_fastrtps_c[0m
[1.799s] [ 58%] Built target my_first_package_msgs__rosidl_typesupport_introspection_c
[1.808s] [ 64%] [32mBuilding CXX object CMakeFiles/my_first_package_msgs__rosidl_typesupport_fastrtps_c.dir/rosidl_typesupport_fastrtps_c/my_first_package_msgs/msg/detail/cmd_and_pose_vel__type_support_c.cpp.o[0m
[1.808s] [ 64%] [32mBuilding CXX object CMakeFiles/my_first_package_msgs__rosidl_typesupport_fastrtps_c.dir/rosidl_typesupport_fastrtps_c/my_first_package_msgs/srv/detail/multi_spawn__type_support_c.cpp.o[0m
[1.821s] [ 64%] Built target my_first_package_msgs__rosidl_typesupport_c
[1.858s] [ 66%] [32m[1mLinking CXX shared library libmy_first_package_msgs__rosidl_typesupport_cpp.so[0m
[1.891s] [ 66%] Built target my_first_package_msgs__rosidl_typesupport_cpp
[2.024s] [ 69%] [32m[1mLinking CXX shared library libmy_first_package_msgs__rosidl_typesupport_fastrtps_cpp.so[0m
[2.047s] [ 71%] [32m[1mLinking CXX shared library libmy_first_package_msgs__rosidl_typesupport_introspection_cpp.so[0m
[2.096s] [ 71%] Built target my_first_package_msgs__rosidl_typesupport_fastrtps_cpp
[2.115s] [ 71%] Built target my_first_package_msgs__rosidl_typesupport_introspection_cpp
[2.135s] [ 74%] [32m[1mLinking CXX shared library libmy_first_package_msgs__rosidl_typesupport_fastrtps_c.so[0m
[2.190s] [ 74%] Built target my_first_package_msgs__rosidl_typesupport_fastrtps_c
[2.204s] [ 74%] Built target my_first_package_msgs
[2.219s] [ 76%] [34m[1mGenerating Python code for ROS interfaces[0m
[2.633s] [ 76%] Built target my_first_package_msgs__py
[2.641s] [35m[1mConsolidate compiler generated dependencies of target my_first_package_msgs__rosidl_generator_py[0m
[2.654s] [ 79%] [32mBuilding C object CMakeFiles/my_first_package_msgs__rosidl_generator_py.dir/rosidl_generator_py/my_first_package_msgs/srv/_multi_spawn_s.c.o[0m
[2.654s] [ 82%] [32mBuilding C object CMakeFiles/my_first_package_msgs__rosidl_generator_py.dir/rosidl_generator_py/my_first_package_msgs/msg/_cmd_and_pose_vel_s.c.o[0m
[2.771s] [ 84%] [32m[1mLinking C shared library rosidl_generator_py/my_first_package_msgs/libmy_first_package_msgs__rosidl_generator_py.so[0m
[2.801s] [ 84%] Built target my_first_package_msgs__rosidl_generator_py
[2.809s] [35m[1mConsolidate compiler generated dependencies of target my_first_package_msgs__rosidl_typesupport_introspection_c__pyext[0m
[2.809s] [35m[1mConsolidate compiler generated dependencies of target my_first_package_msgs__rosidl_typesupport_fastrtps_c__pyext[0m
[2.809s] [35m[1mConsolidate compiler generated dependencies of target my_first_package_msgs__rosidl_typesupport_c__pyext[0m
[2.819s] [ 92%] [32mBuilding C object CMakeFiles/my_first_package_msgs__rosidl_typesupport_c__pyext.dir/rosidl_generator_py/my_first_package_msgs/_my_first_package_msgs_s.ep.rosidl_typesupport_c.c.o[0m
[2.819s] [ 92%] [32mBuilding C object CMakeFiles/my_first_package_msgs__rosidl_typesupport_introspection_c__pyext.dir/rosidl_generator_py/my_first_package_msgs/_my_first_package_msgs_s.ep.rosidl_typesupport_introspection_c.c.o[0m
[2.819s] [ 92%] [32mBuilding C object CMakeFiles/my_first_package_msgs__rosidl_typesupport_fastrtps_c__pyext.dir/rosidl_generator_py/my_first_package_msgs/_my_first_package_msgs_s.ep.rosidl_typesupport_fastrtps_c.c.o[0m
[2.895s] [ 97%] [32m[1mLinking C shared library rosidl_generator_py/my_first_package_msgs/my_first_package_msgs_s__rosidl_typesupport_introspection_c.cpython-310-x86_64-linux-gnu.so[0m
[2.895s] [ 97%] [32m[1mLinking C shared library rosidl_generator_py/my_first_package_msgs/my_first_package_msgs_s__rosidl_typesupport_c.cpython-310-x86_64-linux-gnu.so[0m
[2.898s] [100%] [32m[1mLinking C shared library rosidl_generator_py/my_first_package_msgs/my_first_package_msgs_s__rosidl_typesupport_fastrtps_c.cpython-310-x86_64-linux-gnu.so[0m
[2.920s] [100%] Built target my_first_package_msgs__rosidl_typesupport_c__pyext
[2.920s] [100%] Built target my_first_package_msgs__rosidl_typesupport_introspection_c__pyext
[2.924s] [100%] Built target my_first_package_msgs__rosidl_typesupport_fastrtps_c__pyext
[2.934s] Invoked command in '/home/min/dev_ws/ros/build/my_first_package_msgs' returned '0': CMAKE_PREFIX_PATH=${CMAKE_PREFIX_PATH}:/home/min/dev_ws/ros/install/my_first_package:/opt/ros/humble /usr/bin/cmake --build /home/min/dev_ws/ros/build/my_first_package_msgs -- -j12 -l12
[2.993s] Invoking command in '/home/min/dev_ws/ros/build/my_first_package_msgs': CMAKE_PREFIX_PATH=${CMAKE_PREFIX_PATH}:/home/min/dev_ws/ros/install/my_first_package:/opt/ros/humble /usr/bin/cmake --install /home/min/dev_ws/ros/build/my_first_package_msgs
[2.999s] -- Install configuration: ""
[3.000s] -- Installing: /home/min/dev_ws/ros/install/my_first_package_msgs/share/ament_index/resource_index/rosidl_interfaces/my_first_package_msgs
[3.000s] -- Up-to-date: /home/min/dev_ws/ros/install/my_first_package_msgs/include/my_first_package_msgs/my_first_package_msgs
[3.000s] -- Up-to-date: /home/min/dev_ws/ros/install/my_first_package_msgs/include/my_first_package_msgs/my_first_package_msgs/msg
[3.000s] -- Up-to-date: /home/min/dev_ws/ros/install/my_first_package_msgs/include/my_first_package_msgs/my_first_package_msgs/msg/detail
[3.000s] -- Installing: /home/min/dev_ws/ros/install/my_first_package_msgs/include/my_first_package_msgs/my_first_package_msgs/msg/detail/cmd_and_pose_vel__type_support.h
[3.000s] -- Installing: /home/min/dev_ws/ros/install/my_first_package_msgs/include/my_first_package_msgs/my_first_package_msgs/msg/detail/cmd_and_pose_vel__functions.h
[3.000s] -- Installing: /home/min/dev_ws/ros/install/my_first_package_msgs/include/my_first_package_msgs/my_first_package_msgs/msg/detail/cmd_and_pose_vel__struct.h
[3.000s] -- Installing: /home/min/dev_ws/ros/install/my_first_package_msgs/include/my_first_package_msgs/my_first_package_msgs/msg/detail/cmd_and_pose_vel__functions.c
[3.000s] -- Installing: /home/min/dev_ws/ros/install/my_first_package_msgs/include/my_first_package_msgs/my_first_package_msgs/msg/cmd_and_pose_vel.h
[3.001s] -- Up-to-date: /home/min/dev_ws/ros/install/my_first_package_msgs/include/my_first_package_msgs/my_first_package_msgs/msg/rosidl_generator_c__visibility_control.h
[3.001s] -- Installing: /home/min/dev_ws/ros/install/my_first_package_msgs/include/my_first_package_msgs/my_first_package_msgs/srv
[3.001s] -- Installing: /home/min/dev_ws/ros/install/my_first_package_msgs/include/my_first_package_msgs/my_first_package_msgs/srv/detail
[3.001s] -- Installing: /home/min/dev_ws/ros/install/my_first_package_msgs/include/my_first_package_msgs/my_first_package_msgs/srv/detail/multi_spawn__functions.h
[3.001s] -- Installing: /home/min/dev_ws/ros/install/my_first_package_msgs/include/my_first_package_msgs/my_first_package_msgs/srv/detail/multi_spawn__functions.c
[3.001s] -- Installing: /home/min/dev_ws/ros/install/my_first_package_msgs/include/my_first_package_msgs/my_first_package_msgs/srv/detail/multi_spawn__struct.h
[3.001s] -- Installing: /home/min/dev_ws/ros/install/my_first_package_msgs/include/my_first_package_msgs/my_first_package_msgs/srv/detail/multi_spawn__type_support.h
[3.001s] -- Installing: /home/min/dev_ws/ros/install/my_first_package_msgs/include/my_first_package_msgs/my_first_package_msgs/srv/multi_spawn.h
[3.001s] -- Up-to-date: /home/min/dev_ws/ros/install/my_first_package_msgs/share/my_first_package_msgs/environment/library_path.sh
[3.001s] -- Installing: /home/min/dev_ws/ros/install/my_first_package_msgs/share/my_first_package_msgs/environment/library_path.dsv
[3.001s] -- Installing: /home/min/dev_ws/ros/install/my_first_package_msgs/lib/libmy_first_package_msgs__rosidl_generator_c.so
[3.002s] -- Set runtime path of "/home/min/dev_ws/ros/install/my_first_package_msgs/lib/libmy_first_package_msgs__rosidl_generator_c.so" to ""
[3.002s] -- Up-to-date: /home/min/dev_ws/ros/install/my_first_package_msgs/include/my_first_package_msgs/my_first_package_msgs
[3.002s] -- Up-to-date: /home/min/dev_ws/ros/install/my_first_package_msgs/include/my_first_package_msgs/my_first_package_msgs/msg
[3.002s] -- Up-to-date: /home/min/dev_ws/ros/install/my_first_package_msgs/include/my_first_package_msgs/my_first_package_msgs/msg/detail
[3.002s] -- Installing: /home/min/dev_ws/ros/install/my_first_package_msgs/include/my_first_package_msgs/my_first_package_msgs/msg/detail/cmd_and_pose_vel__rosidl_typesupport_fastrtps_c.h
[3.002s] -- Up-to-date: /home/min/dev_ws/ros/install/my_first_package_msgs/include/my_first_package_msgs/my_first_package_msgs/msg/rosidl_typesupport_fastrtps_c__visibility_control.h
[3.002s] -- Up-to-date: /home/min/dev_ws/ros/install/my_first_package_msgs/include/my_first_package_msgs/my_first_package_msgs/srv
[3.002s] -- Up-to-date: /home/min/dev_ws/ros/install/my_first_package_msgs/include/my_first_package_msgs/my_first_package_msgs/srv/detail
[3.002s] -- Installing: /home/min/dev_ws/ros/install/my_first_package_msgs/include/my_first_package_msgs/my_first_package_msgs/srv/detail/multi_spawn__rosidl_typesupport_fastrtps_c.h
[3.002s] -- Installing: /home/min/dev_ws/ros/install/my_first_package_msgs/lib/libmy_first_package_msgs__rosidl_typesupport_fastrtps_c.so
[3.003s] -- Set runtime path of "/home/min/dev_ws/ros/install/my_first_package_msgs/lib/libmy_first_package_msgs__rosidl_typesupport_fastrtps_c.so" to ""
[3.003s] -- Up-to-date: /home/min/dev_ws/ros/install/my_first_package_msgs/include/my_first_package_msgs/my_first_package_msgs
[3.003s] -- Up-to-date: /home/min/dev_ws/ros/install/my_first_package_msgs/include/my_first_package_msgs/my_first_package_msgs/msg
[3.003s] -- Up-to-date: /home/min/dev_ws/ros/install/my_first_package_msgs/include/my_first_package_msgs/my_first_package_msgs/msg/detail
[3.003s] -- Installing: /home/min/dev_ws/ros/install/my_first_package_msgs/include/my_first_package_msgs/my_first_package_msgs/msg/detail/cmd_and_pose_vel__type_support.c
[3.003s] -- Installing: /home/min/dev_ws/ros/install/my_first_package_msgs/include/my_first_package_msgs/my_first_package_msgs/msg/detail/cmd_and_pose_vel__rosidl_typesupport_introspection_c.h
[3.003s] -- Up-to-date: /home/min/dev_ws/ros/install/my_first_package_msgs/include/my_first_package_msgs/my_first_package_msgs/msg/rosidl_typesupport_introspection_c__visibility_control.h
[3.003s] -- Up-to-date: /home/min/dev_ws/ros/install/my_first_package_msgs/include/my_first_package_msgs/my_first_package_msgs/srv
[3.003s] -- Up-to-date: /home/min/dev_ws/ros/install/my_first_package_msgs/include/my_first_package_msgs/my_first_package_msgs/srv/detail
[3.003s] -- Installing: /home/min/dev_ws/ros/install/my_first_package_msgs/include/my_first_package_msgs/my_first_package_msgs/srv/detail/multi_spawn__type_support.c
[3.004s] -- Installing: /home/min/dev_ws/ros/install/my_first_package_msgs/include/my_first_package_msgs/my_first_package_msgs/srv/detail/multi_spawn__rosidl_typesupport_introspection_c.h
[3.004s] -- Installing: /home/min/dev_ws/ros/install/my_first_package_msgs/lib/libmy_first_package_msgs__rosidl_typesupport_introspection_c.so
[3.004s] -- Set runtime path of "/home/min/dev_ws/ros/install/my_first_package_msgs/lib/libmy_first_package_msgs__rosidl_typesupport_introspection_c.so" to ""
[3.004s] -- Installing: /home/min/dev_ws/ros/install/my_first_package_msgs/lib/libmy_first_package_msgs__rosidl_typesupport_c.so
[3.004s] -- Set runtime path of "/home/min/dev_ws/ros/install/my_first_package_msgs/lib/libmy_first_package_msgs__rosidl_typesupport_c.so" to ""
[3.004s] -- Up-to-date: /home/min/dev_ws/ros/install/my_first_package_msgs/include/my_first_package_msgs/my_first_package_msgs
[3.004s] -- Up-to-date: /home/min/dev_ws/ros/install/my_first_package_msgs/include/my_first_package_msgs/my_first_package_msgs/msg
[3.004s] -- Installing: /home/min/dev_ws/ros/install/my_first_package_msgs/include/my_first_package_msgs/my_first_package_msgs/msg/cmd_and_pose_vel.hpp
[3.005s] -- Up-to-date: /home/min/dev_ws/ros/install/my_first_package_msgs/include/my_first_package_msgs/my_first_package_msgs/msg/detail
[3.005s] -- Installing: /home/min/dev_ws/ros/install/my_first_package_msgs/include/my_first_package_msgs/my_first_package_msgs/msg/detail/cmd_and_pose_vel__traits.hpp
[3.005s] -- Installing: /home/min/dev_ws/ros/install/my_first_package_msgs/include/my_first_package_msgs/my_first_package_msgs/msg/detail/cmd_and_pose_vel__builder.hpp
[3.005s] -- Installing: /home/min/dev_ws/ros/install/my_first_package_msgs/include/my_first_package_msgs/my_first_package_msgs/msg/detail/cmd_and_pose_vel__struct.hpp
[3.005s] -- Up-to-date: /home/min/dev_ws/ros/install/my_first_package_msgs/include/my_first_package_msgs/my_first_package_msgs/srv
[3.005s] -- Up-to-date: /home/min/dev_ws/ros/install/my_first_package_msgs/include/my_first_package_msgs/my_first_package_msgs/srv/detail
[3.005s] -- Installing: /home/min/dev_ws/ros/install/my_first_package_msgs/include/my_first_package_msgs/my_first_package_msgs/srv/detail/multi_spawn__builder.hpp
[3.005s] -- Installing: /home/min/dev_ws/ros/install/my_first_package_msgs/include/my_first_package_msgs/my_first_package_msgs/srv/detail/multi_spawn__struct.hpp
[3.005s] -- Installing: /home/min/dev_ws/ros/install/my_first_package_msgs/include/my_first_package_msgs/my_first_package_msgs/srv/detail/multi_spawn__traits.hpp
[3.005s] -- Installing: /home/min/dev_ws/ros/install/my_first_package_msgs/include/my_first_package_msgs/my_first_package_msgs/srv/multi_spawn.hpp
[3.006s] -- Up-to-date: /home/min/dev_ws/ros/install/my_first_package_msgs/include/my_first_package_msgs/my_first_package_msgs
[3.006s] -- Up-to-date: /home/min/dev_ws/ros/install/my_first_package_msgs/include/my_first_package_msgs/my_first_package_msgs/msg
[3.006s] -- Up-to-date: /home/min/dev_ws/ros/install/my_first_package_msgs/include/my_first_package_msgs/my_first_package_msgs/msg/rosidl_typesupport_fastrtps_cpp__visibility_control.h
[3.006s] -- Up-to-date: /home/min/dev_ws/ros/install/my_first_package_msgs/include/my_first_package_msgs/my_first_package_msgs/msg/detail
[3.006s] -- Up-to-date: /home/min/dev_ws/ros/install/my_first_package_msgs/include/my_first_package_msgs/my_first_package_msgs/msg/detail/dds_fastrtps
[3.006s] -- Installing: /home/min/dev_ws/ros/install/my_first_package_msgs/include/my_first_package_msgs/my_first_package_msgs/msg/detail/cmd_and_pose_vel__rosidl_typesupport_fastrtps_cpp.hpp
[3.006s] -- Up-to-date: /home/min/dev_ws/ros/install/my_first_package_msgs/include/my_first_package_msgs/my_first_package_msgs/srv
[3.006s] -- Up-to-date: /home/min/dev_ws/ros/install/my_first_package_msgs/include/my_first_package_msgs/my_first_package_msgs/srv/detail
[3.006s] -- Installing: /home/min/dev_ws/ros/install/my_first_package_msgs/include/my_first_package_msgs/my_first_package_msgs/srv/detail/dds_fastrtps
[3.006s] -- Installing: /home/min/dev_ws/ros/install/my_first_package_msgs/include/my_first_package_msgs/my_first_package_msgs/srv/detail/multi_spawn__rosidl_typesupport_fastrtps_cpp.hpp
[3.007s] -- Installing: /home/min/dev_ws/ros/install/my_first_package_msgs/lib/libmy_first_package_msgs__rosidl_typesupport_fastrtps_cpp.so
[3.007s] -- Set runtime path of "/home/min/dev_ws/ros/install/my_first_package_msgs/lib/libmy_first_package_msgs__rosidl_typesupport_fastrtps_cpp.so" to ""
[3.007s] -- Up-to-date: /home/min/dev_ws/ros/install/my_first_package_msgs/include/my_first_package_msgs/my_first_package_msgs
[3.007s] -- Up-to-date: /home/min/dev_ws/ros/install/my_first_package_msgs/include/my_first_package_msgs/my_first_package_msgs/msg
[3.007s] -- Up-to-date: /home/min/dev_ws/ros/install/my_first_package_msgs/include/my_first_package_msgs/my_first_package_msgs/msg/detail
[3.007s] -- Installing: /home/min/dev_ws/ros/install/my_first_package_msgs/include/my_first_package_msgs/my_first_package_msgs/msg/detail/cmd_and_pose_vel__rosidl_typesupport_introspection_cpp.hpp
[3.007s] -- Installing: /home/min/dev_ws/ros/install/my_first_package_msgs/include/my_first_package_msgs/my_first_package_msgs/msg/detail/cmd_and_pose_vel__type_support.cpp
[3.007s] -- Up-to-date: /home/min/dev_ws/ros/install/my_first_package_msgs/include/my_first_package_msgs/my_first_package_msgs/srv
[3.007s] -- Up-to-date: /home/min/dev_ws/ros/install/my_first_package_msgs/include/my_first_package_msgs/my_first_package_msgs/srv/detail
[3.007s] -- Installing: /home/min/dev_ws/ros/install/my_first_package_msgs/include/my_first_package_msgs/my_first_package_msgs/srv/detail/multi_spawn__rosidl_typesupport_introspection_cpp.hpp
[3.007s] -- Installing: /home/min/dev_ws/ros/install/my_first_package_msgs/include/my_first_package_msgs/my_first_package_msgs/srv/detail/multi_spawn__type_support.cpp
[3.007s] -- Installing: /home/min/dev_ws/ros/install/my_first_package_msgs/lib/libmy_first_package_msgs__rosidl_typesupport_introspection_cpp.so
[3.008s] -- Set runtime path of "/home/min/dev_ws/ros/install/my_first_package_msgs/lib/libmy_first_package_msgs__rosidl_typesupport_introspection_cpp.so" to ""
[3.008s] -- Installing: /home/min/dev_ws/ros/install/my_first_package_msgs/lib/libmy_first_package_msgs__rosidl_typesupport_cpp.so
[3.008s] -- Set runtime path of "/home/min/dev_ws/ros/install/my_first_package_msgs/lib/libmy_first_package_msgs__rosidl_typesupport_cpp.so" to ""
[3.008s] -- Up-to-date: /home/min/dev_ws/ros/install/my_first_package_msgs/share/my_first_package_msgs/environment/pythonpath.sh
[3.008s] -- Installing: /home/min/dev_ws/ros/install/my_first_package_msgs/share/my_first_package_msgs/environment/pythonpath.dsv
[3.008s] -- Up-to-date: /home/min/dev_ws/ros/install/my_first_package_msgs/local/lib/python3.10/dist-packages/my_first_package_msgs-0.0.0-py3.10.egg-info
[3.008s] -- Installing: /home/min/dev_ws/ros/install/my_first_package_msgs/local/lib/python3.10/dist-packages/my_first_package_msgs-0.0.0-py3.10.egg-info/dependency_links.txt
[3.008s] -- Installing: /home/min/dev_ws/ros/install/my_first_package_msgs/local/lib/python3.10/dist-packages/my_first_package_msgs-0.0.0-py3.10.egg-info/SOURCES.txt
[3.008s] -- Installing: /home/min/dev_ws/ros/install/my_first_package_msgs/local/lib/python3.10/dist-packages/my_first_package_msgs-0.0.0-py3.10.egg-info/top_level.txt
[3.008s] -- Installing: /home/min/dev_ws/ros/install/my_first_package_msgs/local/lib/python3.10/dist-packages/my_first_package_msgs-0.0.0-py3.10.egg-info/PKG-INFO
[3.009s] -- Up-to-date: /home/min/dev_ws/ros/install/my_first_package_msgs/local/lib/python3.10/dist-packages/my_first_package_msgs
[3.009s] -- Installing: /home/min/dev_ws/ros/install/my_first_package_msgs/local/lib/python3.10/dist-packages/my_first_package_msgs/_my_first_package_msgs_s.ep.rosidl_typesupport_c.c
[3.009s] -- Installing: /home/min/dev_ws/ros/install/my_first_package_msgs/local/lib/python3.10/dist-packages/my_first_package_msgs/my_first_package_msgs_s__rosidl_typesupport_c.cpython-310-x86_64-linux-gnu.so
[3.009s] -- Installing: /home/min/dev_ws/ros/install/my_first_package_msgs/local/lib/python3.10/dist-packages/my_first_package_msgs/_my_first_package_msgs_s.ep.rosidl_typesupport_introspection_c.c
[3.009s] -- Up-to-date: /home/min/dev_ws/ros/install/my_first_package_msgs/local/lib/python3.10/dist-packages/my_first_package_msgs/msg
[3.009s] -- Installing: /home/min/dev_ws/ros/install/my_first_package_msgs/local/lib/python3.10/dist-packages/my_first_package_msgs/msg/_cmd_and_pose_vel.py
[3.009s] -- Installing: /home/min/dev_ws/ros/install/my_first_package_msgs/local/lib/python3.10/dist-packages/my_first_package_msgs/msg/__init__.py
[3.009s] -- Installing: /home/min/dev_ws/ros/install/my_first_package_msgs/local/lib/python3.10/dist-packages/my_first_package_msgs/msg/_cmd_and_pose_vel_s.c
[3.009s] -- Installing: /home/min/dev_ws/ros/install/my_first_package_msgs/local/lib/python3.10/dist-packages/my_first_package_msgs/srv
[3.009s] -- Installing: /home/min/dev_ws/ros/install/my_first_package_msgs/local/lib/python3.10/dist-packages/my_first_package_msgs/srv/_multi_spawn_s.c
[3.010s] -- Installing: /home/min/dev_ws/ros/install/my_first_package_msgs/local/lib/python3.10/dist-packages/my_first_package_msgs/srv/__init__.py
[3.010s] -- Installing: /home/min/dev_ws/ros/install/my_first_package_msgs/local/lib/python3.10/dist-packages/my_first_package_msgs/srv/_multi_spawn.py
[3.010s] -- Installing: /home/min/dev_ws/ros/install/my_first_package_msgs/local/lib/python3.10/dist-packages/my_first_package_msgs/libmy_first_package_msgs__rosidl_generator_py.so
[3.010s] -- Installing: /home/min/dev_ws/ros/install/my_first_package_msgs/local/lib/python3.10/dist-packages/my_first_package_msgs/my_first_package_msgs_s__rosidl_typesupport_fastrtps_c.cpython-310-x86_64-linux-gnu.so
[3.010s] -- Installing: /home/min/dev_ws/ros/install/my_first_package_msgs/local/lib/python3.10/dist-packages/my_first_package_msgs/_my_first_package_msgs_s.ep.rosidl_typesupport_fastrtps_c.c
[3.010s] -- Installing: /home/min/dev_ws/ros/install/my_first_package_msgs/local/lib/python3.10/dist-packages/my_first_package_msgs/my_first_package_msgs_s__rosidl_typesupport_introspection_c.cpython-310-x86_64-linux-gnu.so
[3.010s] -- Installing: /home/min/dev_ws/ros/install/my_first_package_msgs/local/lib/python3.10/dist-packages/my_first_package_msgs/__init__.py
[3.039s] Listing '/home/min/dev_ws/ros/install/my_first_package_msgs/local/lib/python3.10/dist-packages/my_first_package_msgs'...
[3.039s] Compiling '/home/min/dev_ws/ros/install/my_first_package_msgs/local/lib/python3.10/dist-packages/my_first_package_msgs/__init__.py'...
[3.039s] Listing '/home/min/dev_ws/ros/install/my_first_package_msgs/local/lib/python3.10/dist-packages/my_first_package_msgs/msg'...
[3.039s] Compiling '/home/min/dev_ws/ros/install/my_first_package_msgs/local/lib/python3.10/dist-packages/my_first_package_msgs/msg/__init__.py'...
[3.039s] Compiling '/home/min/dev_ws/ros/install/my_first_package_msgs/local/lib/python3.10/dist-packages/my_first_package_msgs/msg/_cmd_and_pose_vel.py'...
[3.040s] Listing '/home/min/dev_ws/ros/install/my_first_package_msgs/local/lib/python3.10/dist-packages/my_first_package_msgs/srv'...
[3.040s] Compiling '/home/min/dev_ws/ros/install/my_first_package_msgs/local/lib/python3.10/dist-packages/my_first_package_msgs/srv/__init__.py'...
[3.040s] Compiling '/home/min/dev_ws/ros/install/my_first_package_msgs/local/lib/python3.10/dist-packages/my_first_package_msgs/srv/_multi_spawn.py'...
[3.043s] -- Installing: /home/min/dev_ws/ros/install/my_first_package_msgs/local/lib/python3.10/dist-packages/my_first_package_msgs/my_first_package_msgs_s__rosidl_typesupport_fastrtps_c.cpython-310-x86_64-linux-gnu.so
[3.043s] -- Set runtime path of "/home/min/dev_ws/ros/install/my_first_package_msgs/local/lib/python3.10/dist-packages/my_first_package_msgs/my_first_package_msgs_s__rosidl_typesupport_fastrtps_c.cpython-310-x86_64-linux-gnu.so" to ""
[3.043s] -- Installing: /home/min/dev_ws/ros/install/my_first_package_msgs/local/lib/python3.10/dist-packages/my_first_package_msgs/my_first_package_msgs_s__rosidl_typesupport_introspection_c.cpython-310-x86_64-linux-gnu.so
[3.043s] -- Set runtime path of "/home/min/dev_ws/ros/install/my_first_package_msgs/local/lib/python3.10/dist-packages/my_first_package_msgs/my_first_package_msgs_s__rosidl_typesupport_introspection_c.cpython-310-x86_64-linux-gnu.so" to ""
[3.043s] -- Installing: /home/min/dev_ws/ros/install/my_first_package_msgs/local/lib/python3.10/dist-packages/my_first_package_msgs/my_first_package_msgs_s__rosidl_typesupport_c.cpython-310-x86_64-linux-gnu.so
[3.044s] -- Set runtime path of "/home/min/dev_ws/ros/install/my_first_package_msgs/local/lib/python3.10/dist-packages/my_first_package_msgs/my_first_package_msgs_s__rosidl_typesupport_c.cpython-310-x86_64-linux-gnu.so" to ""
[3.044s] -- Installing: /home/min/dev_ws/ros/install/my_first_package_msgs/lib/libmy_first_package_msgs__rosidl_generator_py.so
[3.044s] -- Set runtime path of "/home/min/dev_ws/ros/install/my_first_package_msgs/lib/libmy_first_package_msgs__rosidl_generator_py.so" to ""
[3.044s] -- Up-to-date: /home/min/dev_ws/ros/install/my_first_package_msgs/share/my_first_package_msgs/msg/CmdAndPoseVel.idl
[3.045s] -- Installing: /home/min/dev_ws/ros/install/my_first_package_msgs/share/my_first_package_msgs/srv/MultiSpawn.idl
[3.045s] -- Up-to-date: /home/min/dev_ws/ros/install/my_first_package_msgs/share/my_first_package_msgs/msg/CmdAndPoseVel.msg
[3.045s] -- Installing: /home/min/dev_ws/ros/install/my_first_package_msgs/share/my_first_package_msgs/srv/MultiSpawn.srv
[3.045s] -- Installing: /home/min/dev_ws/ros/install/my_first_package_msgs/share/my_first_package_msgs/srv/MultiSpawn_Request.msg
[3.045s] -- Installing: /home/min/dev_ws/ros/install/my_first_package_msgs/share/my_first_package_msgs/srv/MultiSpawn_Response.msg
[3.045s] -- Up-to-date: /home/min/dev_ws/ros/install/my_first_package_msgs/share/ament_index/resource_index/package_run_dependencies/my_first_package_msgs
[3.045s] -- Installing: /home/min/dev_ws/ros/install/my_first_package_msgs/share/ament_index/resource_index/parent_prefix_path/my_first_package_msgs
[3.045s] -- Up-to-date: /home/min/dev_ws/ros/install/my_first_package_msgs/share/my_first_package_msgs/environment/ament_prefix_path.sh
[3.045s] -- Installing: /home/min/dev_ws/ros/install/my_first_package_msgs/share/my_first_package_msgs/environment/ament_prefix_path.dsv
[3.045s] -- Up-to-date: /home/min/dev_ws/ros/install/my_first_package_msgs/share/my_first_package_msgs/environment/path.sh
[3.046s] -- Installing: /home/min/dev_ws/ros/install/my_first_package_msgs/share/my_first_package_msgs/environment/path.dsv
[3.046s] -- Up-to-date: /home/min/dev_ws/ros/install/my_first_package_msgs/share/my_first_package_msgs/local_setup.bash
[3.046s] -- Up-to-date: /home/min/dev_ws/ros/install/my_first_package_msgs/share/my_first_package_msgs/local_setup.sh
[3.046s] -- Up-to-date: /home/min/dev_ws/ros/install/my_first_package_msgs/share/my_first_package_msgs/local_setup.zsh
[3.046s] -- Installing: /home/min/dev_ws/ros/install/my_first_package_msgs/share/my_first_package_msgs/local_setup.dsv
[3.046s] -- Installing: /home/min/dev_ws/ros/install/my_first_package_msgs/share/my_first_package_msgs/package.dsv
[3.046s] -- Up-to-date: /home/min/dev_ws/ros/install/my_first_package_msgs/share/ament_index/resource_index/packages/my_first_package_msgs
[3.046s] -- Up-to-date: /home/min/dev_ws/ros/install/my_first_package_msgs/share/my_first_package_msgs/cmake/export_my_first_package_msgs__rosidl_generator_cExport.cmake
[3.046s] -- Up-to-date: /home/min/dev_ws/ros/install/my_first_package_msgs/share/my_first_package_msgs/cmake/export_my_first_package_msgs__rosidl_generator_cExport-noconfig.cmake
[3.046s] -- Up-to-date: /home/min/dev_ws/ros/install/my_first_package_msgs/share/my_first_package_msgs/cmake/export_my_first_package_msgs__rosidl_typesupport_fastrtps_cExport.cmake
[3.046s] -- Up-to-date: /home/min/dev_ws/ros/install/my_first_package_msgs/share/my_first_package_msgs/cmake/export_my_first_package_msgs__rosidl_typesupport_fastrtps_cExport-noconfig.cmake
[3.047s] -- Up-to-date: /home/min/dev_ws/ros/install/my_first_package_msgs/share/my_first_package_msgs/cmake/my_first_package_msgs__rosidl_typesupport_introspection_cExport.cmake
[3.047s] -- Up-to-date: /home/min/dev_ws/ros/install/my_first_package_msgs/share/my_first_package_msgs/cmake/my_first_package_msgs__rosidl_typesupport_introspection_cExport-noconfig.cmake
[3.047s] -- Up-to-date: /home/min/dev_ws/ros/install/my_first_package_msgs/share/my_first_package_msgs/cmake/my_first_package_msgs__rosidl_typesupport_cExport.cmake
[3.047s] -- Up-to-date: /home/min/dev_ws/ros/install/my_first_package_msgs/share/my_first_package_msgs/cmake/my_first_package_msgs__rosidl_typesupport_cExport-noconfig.cmake
[3.047s] -- Up-to-date: /home/min/dev_ws/ros/install/my_first_package_msgs/share/my_first_package_msgs/cmake/export_my_first_package_msgs__rosidl_generator_cppExport.cmake
[3.047s] -- Up-to-date: /home/min/dev_ws/ros/install/my_first_package_msgs/share/my_first_package_msgs/cmake/export_my_first_package_msgs__rosidl_typesupport_fastrtps_cppExport.cmake
[3.047s] -- Up-to-date: /home/min/dev_ws/ros/install/my_first_package_msgs/share/my_first_package_msgs/cmake/export_my_first_package_msgs__rosidl_typesupport_fastrtps_cppExport-noconfig.cmake
[3.047s] -- Up-to-date: /home/min/dev_ws/ros/install/my_first_package_msgs/share/my_first_package_msgs/cmake/my_first_package_msgs__rosidl_typesupport_introspection_cppExport.cmake
[3.047s] -- Up-to-date: /home/min/dev_ws/ros/install/my_first_package_msgs/share/my_first_package_msgs/cmake/my_first_package_msgs__rosidl_typesupport_introspection_cppExport-noconfig.cmake
[3.048s] -- Up-to-date: /home/min/dev_ws/ros/install/my_first_package_msgs/share/my_first_package_msgs/cmake/my_first_package_msgs__rosidl_typesupport_cppExport.cmake
[3.048s] -- Up-to-date: /home/min/dev_ws/ros/install/my_first_package_msgs/share/my_first_package_msgs/cmake/my_first_package_msgs__rosidl_typesupport_cppExport-noconfig.cmake
[3.048s] -- Up-to-date: /home/min/dev_ws/ros/install/my_first_package_msgs/share/my_first_package_msgs/cmake/export_my_first_package_msgs__rosidl_generator_pyExport.cmake
[3.048s] -- Up-to-date: /home/min/dev_ws/ros/install/my_first_package_msgs/share/my_first_package_msgs/cmake/export_my_first_package_msgs__rosidl_generator_pyExport-noconfig.cmake
[3.048s] -- Installing: /home/min/dev_ws/ros/install/my_first_package_msgs/share/my_first_package_msgs/cmake/rosidl_cmake-extras.cmake
[3.048s] -- Up-to-date: /home/min/dev_ws/ros/install/my_first_package_msgs/share/my_first_package_msgs/cmake/ament_cmake_export_include_directories-extras.cmake
[3.048s] -- Up-to-date: /home/min/dev_ws/ros/install/my_first_package_msgs/share/my_first_package_msgs/cmake/ament_cmake_export_libraries-extras.cmake
[3.048s] -- Up-to-date: /home/min/dev_ws/ros/install/my_first_package_msgs/share/my_first_package_msgs/cmake/ament_cmake_export_targets-extras.cmake
[3.048s] -- Up-to-date: /home/min/dev_ws/ros/install/my_first_package_msgs/share/my_first_package_msgs/cmake/rosidl_cmake_export_typesupport_targets-extras.cmake
[3.048s] -- Up-to-date: /home/min/dev_ws/ros/install/my_first_package_msgs/share/my_first_package_msgs/cmake/ament_cmake_export_dependencies-extras.cmake
[3.049s] -- Up-to-date: /home/min/dev_ws/ros/install/my_first_package_msgs/share/my_first_package_msgs/cmake/rosidl_cmake_export_typesupport_libraries-extras.cmake
[3.049s] -- Up-to-date: /home/min/dev_ws/ros/install/my_first_package_msgs/share/my_first_package_msgs/cmake/my_first_package_msgsConfig.cmake
[3.049s] -- Up-to-date: /home/min/dev_ws/ros/install/my_first_package_msgs/share/my_first_package_msgs/cmake/my_first_package_msgsConfig-version.cmake
[3.049s] -- Up-to-date: /home/min/dev_ws/ros/install/my_first_package_msgs/share/my_first_package_msgs/package.xml
[3.050s] Invoked command in '/home/min/dev_ws/ros/build/my_first_package_msgs' returned '0': CMAKE_PREFIX_PATH=${CMAKE_PREFIX_PATH}:/home/min/dev_ws/ros/install/my_first_package:/opt/ros/humble /usr/bin/cmake --install /home/min/dev_ws/ros/build/my_first_package_msgs
