[0.613s] Invoking command in '/home/min/dev_ws/ros/src/my_first_package': PYTHONPATH=/home/min/dev_ws/ros/build/my_first_package/prefix_override:/home/min/dev_ws/ros/install/my_first_package/lib/python3.10/site-packages:${PYTHONPATH} /usr/bin/python3 -W ignore:setup.py install is deprecated setup.py egg_info --egg-base ../../build/my_first_package build --build-base /home/min/dev_ws/ros/build/my_first_package/build install --record /home/min/dev_ws/ros/build/my_first_package/install.log --single-version-externally-managed install_data
[0.850s] running egg_info
[0.850s] writing ../../build/my_first_package/my_first_package.egg-info/PKG-INFO
[0.850s] writing dependency_links to ../../build/my_first_package/my_first_package.egg-info/dependency_links.txt
[0.851s] writing entry points to ../../build/my_first_package/my_first_package.egg-info/entry_points.txt
[0.851s] writing requirements to ../../build/my_first_package/my_first_package.egg-info/requires.txt
[0.851s] writing top-level names to ../../build/my_first_package/my_first_package.egg-info/top_level.txt
[0.852s] reading manifest file '../../build/my_first_package/my_first_package.egg-info/SOURCES.txt'
[0.853s] writing manifest file '../../build/my_first_package/my_first_package.egg-info/SOURCES.txt'
[0.853s] running build
[0.853s] running build_py
[0.854s] running install
[0.854s] running install_lib
[0.855s] running install_data
[0.855s] creating /home/min/dev_ws/ros/install/my_first_package/share/my_first_package/launch
[0.855s] copying launch/turtlesim_and_teleop.launch.py -> /home/min/dev_ws/ros/install/my_first_package/share/my_first_package/launch
[0.855s] running install_egg_info
[0.856s] removing '/home/min/dev_ws/ros/install/my_first_package/lib/python3.10/site-packages/my_first_package-0.0.0-py3.10.egg-info' (and everything under it)
[0.857s] Copying ../../build/my_first_package/my_first_package.egg-info to /home/min/dev_ws/ros/install/my_first_package/lib/python3.10/site-packages/my_first_package-0.0.0-py3.10.egg-info
[0.857s] running install_scripts
[0.873s] Installing dist_turtle_action_server script to /home/min/dev_ws/ros/install/my_first_package/lib/my_first_package
[0.874s] Installing my_first_node script to /home/min/dev_ws/ros/install/my_first_package/lib/my_first_package
[0.874s] Installing my_multi_thread script to /home/min/dev_ws/ros/install/my_first_package/lib/my_first_package
[0.874s] Installing my_publisher script to /home/min/dev_ws/ros/install/my_first_package/lib/my_first_package
[0.874s] Installing my_service_server script to /home/min/dev_ws/ros/install/my_first_package/lib/my_first_package
[0.874s] Installing my_subscriber script to /home/min/dev_ws/ros/install/my_first_package/lib/my_first_package
[0.874s] Installing turtle_cmd_and_pose script to /home/min/dev_ws/ros/install/my_first_package/lib/my_first_package
[0.874s] writing list of installed files to '/home/min/dev_ws/ros/build/my_first_package/install.log'
[0.891s] Invoked command in '/home/min/dev_ws/ros/src/my_first_package' returned '0': PYTHONPATH=/home/min/dev_ws/ros/build/my_first_package/prefix_override:/home/min/dev_ws/ros/install/my_first_package/lib/python3.10/site-packages:${PYTHONPATH} /usr/bin/python3 -W ignore:setup.py install is deprecated setup.py egg_info --egg-base ../../build/my_first_package build --build-base /home/min/dev_ws/ros/build/my_first_package/build install --record /home/min/dev_ws/ros/build/my_first_package/install.log --single-version-externally-managed install_data
