[0.239s] Invoking command in '/home/min/dev_ws/ros/build/my_first_package_msgs': CMAKE_PREFIX_PATH=/home/min/dev_ws/ros/src/install/my_first_package:/opt/ros/humble /usr/bin/cmake /home/min/dev_ws/ros/src/my_first_package_msgs -DCMAKE_INSTALL_PREFIX=/home/min/dev_ws/ros/install/my_first_package_msgs
[0.249s] -- Found ament_cmake: 1.3.9 (/opt/ros/humble/share/ament_cmake/cmake)
[0.343s] -- Found rosidl_default_generators: 1.2.0 (/opt/ros/humble/share/rosidl_default_generators/cmake)
[0.344s] -- Using all available rosidl_typesupport_c: rosidl_typesupport_fastrtps_c;rosidl_typesupport_introspection_c
[0.346s] -- Found rosidl_adapter: 3.1.5 (/opt/ros/humble/share/rosidl_adapter/cmake)
[0.371s] -- Using all available rosidl_typesupport_cpp: rosidl_typesupport_fastrtps_cpp;rosidl_typesupport_introspection_cpp
[0.517s] [31mCMake Error at /opt/ros/humble/share/rosidl_adapter/cmake/rosidl_adapt_interfaces.cmake:59 (message):
[0.517s]   execute_process(/usr/bin/python3 -m rosidl_adapter --package-name
[0.517s]   my_first_package_msgs --arguments-file
[0.517s]   /home/min/dev_ws/ros/build/my_first_package_msgs/rosidl_adapter__arguments__my_first_package_msgs.json
[0.517s]   --output-dir
[0.517s]   /home/min/dev_ws/ros/build/my_first_package_msgs/rosidl_adapter/my_first_package_msgs
[0.517s]   --output-file
[0.517s]   /home/min/dev_ws/ros/build/my_first_package_msgs/rosidl_adapter/my_first_package_msgs.idls)
[0.518s]   returned error code 1:
[0.518s] 
[0.518s]   Traceback (most recent call last):
[0.518s] 
[0.518s]     File "/usr/lib/python3.10/runpy.py", line 196, in _run_module_as_main
[0.518s]       return _run_code(code, main_globals, None,
[0.518s]     File "/usr/lib/python3.10/runpy.py", line 86, in _run_code
[0.518s]       exec(code, run_globals)
[0.518s]     File "/opt/ros/humble/local/lib/python3.10/dist-packages/rosidl_adapter/__main__.py", line 19, in <module>
[0.518s]       sys.exit(main())
[0.518s]     File "/opt/ros/humble/local/lib/python3.10/dist-packages/rosidl_adapter/main.py", line 53, in main
[0.518s]       abs_idl_file = convert_to_idl(
[0.518s]     File "/opt/ros/humble/local/lib/python3.10/dist-packages/rosidl_adapter/__init__.py", line 19, in convert_to_idl
[0.518s]       return convert_msg_to_idl(
[0.518s]     File "/opt/ros/humble/local/lib/python3.10/dist-packages/rosidl_adapter/msg/__init__.py", line 28, in convert_msg_to_idl
[0.518s]       msg = parse_message_string(package_name, input_file.stem, content)
[0.518s]     File "/opt/ros/humble/local/lib/python3.10/dist-packages/rosidl_adapter/parser.py", line 544, in parse_message_string
[0.518s]       msg = MessageSpecification(pkg_name, msg_name, fields, constants)
[0.518s]     File "/opt/ros/humble/local/lib/python3.10/dist-packages/rosidl_adapter/parser.py", line 388, in __init__
[0.518s]       self.base_type = BaseType(
[0.519s]     File "/opt/ros/humble/local/lib/python3.10/dist-packages/rosidl_adapter/parser.py", line 205, in __init__
[0.519s]       raise InvalidResourceName(
[0.519s] 
[0.519s]   rosidl_adapter.parser.InvalidResourceName: 'cmdAndPoseVel' is an invalid
[0.519s]   message name.  It should have the pattern '^[A-Z][A-Za-z0-9]*$'
[0.519s] 
[0.519s] Call Stack (most recent call first):
[0.519s]   /opt/ros/humble/share/rosidl_cmake/cmake/rosidl_generate_interfaces.cmake:130 (rosidl_adapt_interfaces)
[0.519s]   CMakeLists.txt:16 (rosidl_generate_interfaces)
[0.519s] 
[0.519s] [0m
[0.519s] -- Configuring incomplete, errors occurred!
[0.519s] See also "/home/min/dev_ws/ros/build/my_first_package_msgs/CMakeFiles/CMakeOutput.log".
[0.522s] Invoked command in '/home/min/dev_ws/ros/build/my_first_package_msgs' returned '1': CMAKE_PREFIX_PATH=/home/min/dev_ws/ros/src/install/my_first_package:/opt/ros/humble /usr/bin/cmake /home/min/dev_ws/ros/src/my_first_package_msgs -DCMAKE_INSTALL_PREFIX=/home/min/dev_ws/ros/install/my_first_package_msgs
