[0.241s] Invoking command in '/home/min/dev_ws/ros/build/my_first_package_msgs': CMAKE_PREFIX_PATH=${CMAKE_PREFIX_PATH}:/home/min/dev_ws/ros/install/my_first_package:/opt/ros/humble /usr/bin/cmake --build /home/min/dev_ws/ros/build/my_first_package_msgs -- -j12 -l12
[0.281s] [  3%] Built target my_first_package_msgs__cpp
[0.282s] [ 12%] Built target my_first_package_msgs__rosidl_generator_c
[0.289s] [ 12%] Built target ament_cmake_python_copy_my_first_package_msgs
[0.298s] [ 22%] Built target my_first_package_msgs__rosidl_typesupport_fastrtps_cpp
[0.300s] [ 32%] Built target my_first_package_msgs__rosidl_typesupport_cpp
[0.302s] [ 41%] Built target my_first_package_msgs__rosidl_typesupport_introspection_cpp
[0.307s] [ 61%] Built target my_first_package_msgs__rosidl_typesupport_c
[0.307s] [ 61%] Built target my_first_package_msgs__rosidl_typesupport_introspection_c
[0.309s] [ 70%] Built target my_first_package_msgs__rosidl_typesupport_fastrtps_c
[0.326s] [ 70%] Built target my_first_package_msgs
[0.343s] [ 74%] Built target my_first_package_msgs__py
[0.364s] [ 80%] Built target my_first_package_msgs__rosidl_generator_py
[0.385s] [100%] Built target my_first_package_msgs__rosidl_typesupport_introspection_c__pyext
[0.385s] [100%] Built target my_first_package_msgs__rosidl_typesupport_c__pyext
[0.385s] [100%] Built target my_first_package_msgs__rosidl_typesupport_fastrtps_c__pyext
[0.528s] running egg_info
[0.529s] writing my_first_package_msgs.egg-info/PKG-INFO
[0.529s] writing dependency_links to my_first_package_msgs.egg-info/dependency_links.txt
[0.529s] writing top-level names to my_first_package_msgs.egg-info/top_level.txt
[0.531s] reading manifest file 'my_first_package_msgs.egg-info/SOURCES.txt'
[0.532s] writing manifest file 'my_first_package_msgs.egg-info/SOURCES.txt'
[0.555s] [100%] Built target ament_cmake_python_build_my_first_package_msgs_egg
[0.566s] Invoked command in '/home/min/dev_ws/ros/build/my_first_package_msgs' returned '0': CMAKE_PREFIX_PATH=${CMAKE_PREFIX_PATH}:/home/min/dev_ws/ros/install/my_first_package:/opt/ros/humble /usr/bin/cmake --build /home/min/dev_ws/ros/build/my_first_package_msgs -- -j12 -l12
[0.614s] Invoking command in '/home/min/dev_ws/ros/build/my_first_package_msgs': CMAKE_PREFIX_PATH=${CMAKE_PREFIX_PATH}:/home/min/dev_ws/ros/install/my_first_package:/opt/ros/humble /usr/bin/cmake --install /home/min/dev_ws/ros/build/my_first_package_msgs
[0.621s] -- Install configuration: ""
[0.621s] -- Up-to-date: /home/min/dev_ws/ros/install/my_first_package_msgs/share/ament_index/resource_index/rosidl_interfaces/my_first_package_msgs
[0.621s] -- Up-to-date: /home/min/dev_ws/ros/install/my_first_package_msgs/include/my_first_package_msgs/my_first_package_msgs
[0.621s] -- Up-to-date: /home/min/dev_ws/ros/install/my_first_package_msgs/include/my_first_package_msgs/my_first_package_msgs/msg
[0.621s] -- Up-to-date: /home/min/dev_ws/ros/install/my_first_package_msgs/include/my_first_package_msgs/my_first_package_msgs/msg/detail
[0.621s] -- Up-to-date: /home/min/dev_ws/ros/install/my_first_package_msgs/include/my_first_package_msgs/my_first_package_msgs/msg/detail/cmd_and_pose_vel__type_support.h
[0.621s] -- Up-to-date: /home/min/dev_ws/ros/install/my_first_package_msgs/include/my_first_package_msgs/my_first_package_msgs/msg/detail/cmd_and_pose_vel__functions.h
[0.621s] -- Up-to-date: /home/min/dev_ws/ros/install/my_first_package_msgs/include/my_first_package_msgs/my_first_package_msgs/msg/detail/cmd_and_pose_vel__struct.h
[0.622s] -- Up-to-date: /home/min/dev_ws/ros/install/my_first_package_msgs/include/my_first_package_msgs/my_first_package_msgs/msg/detail/cmd_and_pose_vel__functions.c
[0.622s] -- Up-to-date: /home/min/dev_ws/ros/install/my_first_package_msgs/include/my_first_package_msgs/my_first_package_msgs/msg/cmd_and_pose_vel.h
[0.622s] -- Up-to-date: /home/min/dev_ws/ros/install/my_first_package_msgs/include/my_first_package_msgs/my_first_package_msgs/msg/rosidl_generator_c__visibility_control.h
[0.622s] -- Up-to-date: /home/min/dev_ws/ros/install/my_first_package_msgs/share/my_first_package_msgs/environment/library_path.sh
[0.622s] -- Up-to-date: /home/min/dev_ws/ros/install/my_first_package_msgs/share/my_first_package_msgs/environment/library_path.dsv
[0.622s] -- Up-to-date: /home/min/dev_ws/ros/install/my_first_package_msgs/lib/libmy_first_package_msgs__rosidl_generator_c.so
[0.622s] -- Up-to-date: /home/min/dev_ws/ros/install/my_first_package_msgs/include/my_first_package_msgs/my_first_package_msgs
[0.622s] -- Up-to-date: /home/min/dev_ws/ros/install/my_first_package_msgs/include/my_first_package_msgs/my_first_package_msgs/msg
[0.622s] -- Up-to-date: /home/min/dev_ws/ros/install/my_first_package_msgs/include/my_first_package_msgs/my_first_package_msgs/msg/detail
[0.622s] -- Up-to-date: /home/min/dev_ws/ros/install/my_first_package_msgs/include/my_first_package_msgs/my_first_package_msgs/msg/detail/cmd_and_pose_vel__rosidl_typesupport_fastrtps_c.h
[0.622s] -- Up-to-date: /home/min/dev_ws/ros/install/my_first_package_msgs/include/my_first_package_msgs/my_first_package_msgs/msg/rosidl_typesupport_fastrtps_c__visibility_control.h
[0.622s] -- Up-to-date: /home/min/dev_ws/ros/install/my_first_package_msgs/lib/libmy_first_package_msgs__rosidl_typesupport_fastrtps_c.so
[0.622s] -- Up-to-date: /home/min/dev_ws/ros/install/my_first_package_msgs/include/my_first_package_msgs/my_first_package_msgs
[0.622s] -- Up-to-date: /home/min/dev_ws/ros/install/my_first_package_msgs/include/my_first_package_msgs/my_first_package_msgs/msg
[0.623s] -- Up-to-date: /home/min/dev_ws/ros/install/my_first_package_msgs/include/my_first_package_msgs/my_first_package_msgs/msg/detail
[0.623s] -- Up-to-date: /home/min/dev_ws/ros/install/my_first_package_msgs/include/my_first_package_msgs/my_first_package_msgs/msg/detail/cmd_and_pose_vel__type_support.c
[0.623s] -- Up-to-date: /home/min/dev_ws/ros/install/my_first_package_msgs/include/my_first_package_msgs/my_first_package_msgs/msg/detail/cmd_and_pose_vel__rosidl_typesupport_introspection_c.h
[0.623s] -- Up-to-date: /home/min/dev_ws/ros/install/my_first_package_msgs/include/my_first_package_msgs/my_first_package_msgs/msg/rosidl_typesupport_introspection_c__visibility_control.h
[0.623s] -- Up-to-date: /home/min/dev_ws/ros/install/my_first_package_msgs/lib/libmy_first_package_msgs__rosidl_typesupport_introspection_c.so
[0.623s] -- Up-to-date: /home/min/dev_ws/ros/install/my_first_package_msgs/lib/libmy_first_package_msgs__rosidl_typesupport_c.so
[0.623s] -- Up-to-date: /home/min/dev_ws/ros/install/my_first_package_msgs/include/my_first_package_msgs/my_first_package_msgs
[0.623s] -- Up-to-date: /home/min/dev_ws/ros/install/my_first_package_msgs/include/my_first_package_msgs/my_first_package_msgs/msg
[0.623s] -- Up-to-date: /home/min/dev_ws/ros/install/my_first_package_msgs/include/my_first_package_msgs/my_first_package_msgs/msg/cmd_and_pose_vel.hpp
[0.623s] -- Up-to-date: /home/min/dev_ws/ros/install/my_first_package_msgs/include/my_first_package_msgs/my_first_package_msgs/msg/detail
[0.623s] -- Up-to-date: /home/min/dev_ws/ros/install/my_first_package_msgs/include/my_first_package_msgs/my_first_package_msgs/msg/detail/cmd_and_pose_vel__traits.hpp
[0.623s] -- Up-to-date: /home/min/dev_ws/ros/install/my_first_package_msgs/include/my_first_package_msgs/my_first_package_msgs/msg/detail/cmd_and_pose_vel__builder.hpp
[0.623s] -- Up-to-date: /home/min/dev_ws/ros/install/my_first_package_msgs/include/my_first_package_msgs/my_first_package_msgs/msg/detail/cmd_and_pose_vel__struct.hpp
[0.623s] -- Up-to-date: /home/min/dev_ws/ros/install/my_first_package_msgs/include/my_first_package_msgs/my_first_package_msgs
[0.623s] -- Up-to-date: /home/min/dev_ws/ros/install/my_first_package_msgs/include/my_first_package_msgs/my_first_package_msgs/msg
[0.623s] -- Up-to-date: /home/min/dev_ws/ros/install/my_first_package_msgs/include/my_first_package_msgs/my_first_package_msgs/msg/rosidl_typesupport_fastrtps_cpp__visibility_control.h
[0.624s] -- Up-to-date: /home/min/dev_ws/ros/install/my_first_package_msgs/include/my_first_package_msgs/my_first_package_msgs/msg/detail
[0.624s] -- Up-to-date: /home/min/dev_ws/ros/install/my_first_package_msgs/include/my_first_package_msgs/my_first_package_msgs/msg/detail/dds_fastrtps
[0.624s] -- Up-to-date: /home/min/dev_ws/ros/install/my_first_package_msgs/include/my_first_package_msgs/my_first_package_msgs/msg/detail/cmd_and_pose_vel__rosidl_typesupport_fastrtps_cpp.hpp
[0.624s] -- Up-to-date: /home/min/dev_ws/ros/install/my_first_package_msgs/lib/libmy_first_package_msgs__rosidl_typesupport_fastrtps_cpp.so
[0.624s] -- Up-to-date: /home/min/dev_ws/ros/install/my_first_package_msgs/include/my_first_package_msgs/my_first_package_msgs
[0.624s] -- Up-to-date: /home/min/dev_ws/ros/install/my_first_package_msgs/include/my_first_package_msgs/my_first_package_msgs/msg
[0.624s] -- Up-to-date: /home/min/dev_ws/ros/install/my_first_package_msgs/include/my_first_package_msgs/my_first_package_msgs/msg/detail
[0.624s] -- Up-to-date: /home/min/dev_ws/ros/install/my_first_package_msgs/include/my_first_package_msgs/my_first_package_msgs/msg/detail/cmd_and_pose_vel__rosidl_typesupport_introspection_cpp.hpp
[0.624s] -- Up-to-date: /home/min/dev_ws/ros/install/my_first_package_msgs/include/my_first_package_msgs/my_first_package_msgs/msg/detail/cmd_and_pose_vel__type_support.cpp
[0.624s] -- Up-to-date: /home/min/dev_ws/ros/install/my_first_package_msgs/lib/libmy_first_package_msgs__rosidl_typesupport_introspection_cpp.so
[0.624s] -- Up-to-date: /home/min/dev_ws/ros/install/my_first_package_msgs/lib/libmy_first_package_msgs__rosidl_typesupport_cpp.so
[0.624s] -- Up-to-date: /home/min/dev_ws/ros/install/my_first_package_msgs/share/my_first_package_msgs/environment/pythonpath.sh
[0.624s] -- Up-to-date: /home/min/dev_ws/ros/install/my_first_package_msgs/share/my_first_package_msgs/environment/pythonpath.dsv
[0.624s] -- Up-to-date: /home/min/dev_ws/ros/install/my_first_package_msgs/local/lib/python3.10/dist-packages/my_first_package_msgs-0.0.0-py3.10.egg-info
[0.624s] -- Installing: /home/min/dev_ws/ros/install/my_first_package_msgs/local/lib/python3.10/dist-packages/my_first_package_msgs-0.0.0-py3.10.egg-info/dependency_links.txt
[0.624s] -- Installing: /home/min/dev_ws/ros/install/my_first_package_msgs/local/lib/python3.10/dist-packages/my_first_package_msgs-0.0.0-py3.10.egg-info/SOURCES.txt
[0.624s] -- Installing: /home/min/dev_ws/ros/install/my_first_package_msgs/local/lib/python3.10/dist-packages/my_first_package_msgs-0.0.0-py3.10.egg-info/top_level.txt
[0.624s] -- Installing: /home/min/dev_ws/ros/install/my_first_package_msgs/local/lib/python3.10/dist-packages/my_first_package_msgs-0.0.0-py3.10.egg-info/PKG-INFO
[0.624s] -- Up-to-date: /home/min/dev_ws/ros/install/my_first_package_msgs/local/lib/python3.10/dist-packages/my_first_package_msgs
[0.625s] -- Up-to-date: /home/min/dev_ws/ros/install/my_first_package_msgs/local/lib/python3.10/dist-packages/my_first_package_msgs/_my_first_package_msgs_s.ep.rosidl_typesupport_c.c
[0.625s] -- Up-to-date: /home/min/dev_ws/ros/install/my_first_package_msgs/local/lib/python3.10/dist-packages/my_first_package_msgs/my_first_package_msgs_s__rosidl_typesupport_c.cpython-310-x86_64-linux-gnu.so
[0.625s] -- Up-to-date: /home/min/dev_ws/ros/install/my_first_package_msgs/local/lib/python3.10/dist-packages/my_first_package_msgs/_my_first_package_msgs_s.ep.rosidl_typesupport_introspection_c.c
[0.625s] -- Up-to-date: /home/min/dev_ws/ros/install/my_first_package_msgs/local/lib/python3.10/dist-packages/my_first_package_msgs/msg
[0.625s] -- Up-to-date: /home/min/dev_ws/ros/install/my_first_package_msgs/local/lib/python3.10/dist-packages/my_first_package_msgs/msg/_cmd_and_pose_vel.py
[0.625s] -- Up-to-date: /home/min/dev_ws/ros/install/my_first_package_msgs/local/lib/python3.10/dist-packages/my_first_package_msgs/msg/__init__.py
[0.625s] -- Up-to-date: /home/min/dev_ws/ros/install/my_first_package_msgs/local/lib/python3.10/dist-packages/my_first_package_msgs/msg/_cmd_and_pose_vel_s.c
[0.625s] -- Up-to-date: /home/min/dev_ws/ros/install/my_first_package_msgs/local/lib/python3.10/dist-packages/my_first_package_msgs/libmy_first_package_msgs__rosidl_generator_py.so
[0.625s] -- Up-to-date: /home/min/dev_ws/ros/install/my_first_package_msgs/local/lib/python3.10/dist-packages/my_first_package_msgs/my_first_package_msgs_s__rosidl_typesupport_fastrtps_c.cpython-310-x86_64-linux-gnu.so
[0.625s] -- Up-to-date: /home/min/dev_ws/ros/install/my_first_package_msgs/local/lib/python3.10/dist-packages/my_first_package_msgs/_my_first_package_msgs_s.ep.rosidl_typesupport_fastrtps_c.c
[0.625s] -- Up-to-date: /home/min/dev_ws/ros/install/my_first_package_msgs/local/lib/python3.10/dist-packages/my_first_package_msgs/my_first_package_msgs_s__rosidl_typesupport_introspection_c.cpython-310-x86_64-linux-gnu.so
[0.625s] -- Up-to-date: /home/min/dev_ws/ros/install/my_first_package_msgs/local/lib/python3.10/dist-packages/my_first_package_msgs/__init__.py
[0.648s] Listing '/home/min/dev_ws/ros/install/my_first_package_msgs/local/lib/python3.10/dist-packages/my_first_package_msgs'...
[0.648s] Listing '/home/min/dev_ws/ros/install/my_first_package_msgs/local/lib/python3.10/dist-packages/my_first_package_msgs/msg'...
[0.651s] -- Up-to-date: /home/min/dev_ws/ros/install/my_first_package_msgs/local/lib/python3.10/dist-packages/my_first_package_msgs/my_first_package_msgs_s__rosidl_typesupport_fastrtps_c.cpython-310-x86_64-linux-gnu.so
[0.652s] -- Up-to-date: /home/min/dev_ws/ros/install/my_first_package_msgs/local/lib/python3.10/dist-packages/my_first_package_msgs/my_first_package_msgs_s__rosidl_typesupport_introspection_c.cpython-310-x86_64-linux-gnu.so
[0.652s] -- Up-to-date: /home/min/dev_ws/ros/install/my_first_package_msgs/local/lib/python3.10/dist-packages/my_first_package_msgs/my_first_package_msgs_s__rosidl_typesupport_c.cpython-310-x86_64-linux-gnu.so
[0.652s] -- Up-to-date: /home/min/dev_ws/ros/install/my_first_package_msgs/lib/libmy_first_package_msgs__rosidl_generator_py.so
[0.652s] -- Up-to-date: /home/min/dev_ws/ros/install/my_first_package_msgs/share/my_first_package_msgs/msg/CmdAndPoseVel.idl
[0.652s] -- Up-to-date: /home/min/dev_ws/ros/install/my_first_package_msgs/share/my_first_package_msgs/msg/CmdAndPoseVel.msg
[0.652s] -- Up-to-date: /home/min/dev_ws/ros/install/my_first_package_msgs/share/ament_index/resource_index/package_run_dependencies/my_first_package_msgs
[0.652s] -- Up-to-date: /home/min/dev_ws/ros/install/my_first_package_msgs/share/ament_index/resource_index/parent_prefix_path/my_first_package_msgs
[0.653s] -- Up-to-date: /home/min/dev_ws/ros/install/my_first_package_msgs/share/my_first_package_msgs/environment/ament_prefix_path.sh
[0.653s] -- Up-to-date: /home/min/dev_ws/ros/install/my_first_package_msgs/share/my_first_package_msgs/environment/ament_prefix_path.dsv
[0.653s] -- Up-to-date: /home/min/dev_ws/ros/install/my_first_package_msgs/share/my_first_package_msgs/environment/path.sh
[0.653s] -- Up-to-date: /home/min/dev_ws/ros/install/my_first_package_msgs/share/my_first_package_msgs/environment/path.dsv
[0.653s] -- Up-to-date: /home/min/dev_ws/ros/install/my_first_package_msgs/share/my_first_package_msgs/local_setup.bash
[0.653s] -- Up-to-date: /home/min/dev_ws/ros/install/my_first_package_msgs/share/my_first_package_msgs/local_setup.sh
[0.653s] -- Up-to-date: /home/min/dev_ws/ros/install/my_first_package_msgs/share/my_first_package_msgs/local_setup.zsh
[0.653s] -- Up-to-date: /home/min/dev_ws/ros/install/my_first_package_msgs/share/my_first_package_msgs/local_setup.dsv
[0.653s] -- Installing: /home/min/dev_ws/ros/install/my_first_package_msgs/share/my_first_package_msgs/package.dsv
[0.653s] -- Up-to-date: /home/min/dev_ws/ros/install/my_first_package_msgs/share/ament_index/resource_index/packages/my_first_package_msgs
[0.653s] -- Up-to-date: /home/min/dev_ws/ros/install/my_first_package_msgs/share/my_first_package_msgs/cmake/export_my_first_package_msgs__rosidl_generator_cExport.cmake
[0.653s] -- Up-to-date: /home/min/dev_ws/ros/install/my_first_package_msgs/share/my_first_package_msgs/cmake/export_my_first_package_msgs__rosidl_generator_cExport-noconfig.cmake
[0.653s] -- Up-to-date: /home/min/dev_ws/ros/install/my_first_package_msgs/share/my_first_package_msgs/cmake/export_my_first_package_msgs__rosidl_typesupport_fastrtps_cExport.cmake
[0.653s] -- Up-to-date: /home/min/dev_ws/ros/install/my_first_package_msgs/share/my_first_package_msgs/cmake/export_my_first_package_msgs__rosidl_typesupport_fastrtps_cExport-noconfig.cmake
[0.654s] -- Up-to-date: /home/min/dev_ws/ros/install/my_first_package_msgs/share/my_first_package_msgs/cmake/my_first_package_msgs__rosidl_typesupport_introspection_cExport.cmake
[0.654s] -- Up-to-date: /home/min/dev_ws/ros/install/my_first_package_msgs/share/my_first_package_msgs/cmake/my_first_package_msgs__rosidl_typesupport_introspection_cExport-noconfig.cmake
[0.654s] -- Up-to-date: /home/min/dev_ws/ros/install/my_first_package_msgs/share/my_first_package_msgs/cmake/my_first_package_msgs__rosidl_typesupport_cExport.cmake
[0.654s] -- Up-to-date: /home/min/dev_ws/ros/install/my_first_package_msgs/share/my_first_package_msgs/cmake/my_first_package_msgs__rosidl_typesupport_cExport-noconfig.cmake
[0.654s] -- Up-to-date: /home/min/dev_ws/ros/install/my_first_package_msgs/share/my_first_package_msgs/cmake/export_my_first_package_msgs__rosidl_generator_cppExport.cmake
[0.654s] -- Up-to-date: /home/min/dev_ws/ros/install/my_first_package_msgs/share/my_first_package_msgs/cmake/export_my_first_package_msgs__rosidl_typesupport_fastrtps_cppExport.cmake
[0.654s] -- Up-to-date: /home/min/dev_ws/ros/install/my_first_package_msgs/share/my_first_package_msgs/cmake/export_my_first_package_msgs__rosidl_typesupport_fastrtps_cppExport-noconfig.cmake
[0.654s] -- Up-to-date: /home/min/dev_ws/ros/install/my_first_package_msgs/share/my_first_package_msgs/cmake/my_first_package_msgs__rosidl_typesupport_introspection_cppExport.cmake
[0.654s] -- Up-to-date: /home/min/dev_ws/ros/install/my_first_package_msgs/share/my_first_package_msgs/cmake/my_first_package_msgs__rosidl_typesupport_introspection_cppExport-noconfig.cmake
[0.654s] -- Up-to-date: /home/min/dev_ws/ros/install/my_first_package_msgs/share/my_first_package_msgs/cmake/my_first_package_msgs__rosidl_typesupport_cppExport.cmake
[0.654s] -- Up-to-date: /home/min/dev_ws/ros/install/my_first_package_msgs/share/my_first_package_msgs/cmake/my_first_package_msgs__rosidl_typesupport_cppExport-noconfig.cmake
[0.654s] -- Up-to-date: /home/min/dev_ws/ros/install/my_first_package_msgs/share/my_first_package_msgs/cmake/export_my_first_package_msgs__rosidl_generator_pyExport.cmake
[0.654s] -- Up-to-date: /home/min/dev_ws/ros/install/my_first_package_msgs/share/my_first_package_msgs/cmake/export_my_first_package_msgs__rosidl_generator_pyExport-noconfig.cmake
[0.654s] -- Up-to-date: /home/min/dev_ws/ros/install/my_first_package_msgs/share/my_first_package_msgs/cmake/rosidl_cmake-extras.cmake
[0.654s] -- Up-to-date: /home/min/dev_ws/ros/install/my_first_package_msgs/share/my_first_package_msgs/cmake/ament_cmake_export_include_directories-extras.cmake
[0.654s] -- Up-to-date: /home/min/dev_ws/ros/install/my_first_package_msgs/share/my_first_package_msgs/cmake/ament_cmake_export_libraries-extras.cmake
[0.654s] -- Up-to-date: /home/min/dev_ws/ros/install/my_first_package_msgs/share/my_first_package_msgs/cmake/ament_cmake_export_targets-extras.cmake
[0.654s] -- Up-to-date: /home/min/dev_ws/ros/install/my_first_package_msgs/share/my_first_package_msgs/cmake/rosidl_cmake_export_typesupport_targets-extras.cmake
[0.654s] -- Up-to-date: /home/min/dev_ws/ros/install/my_first_package_msgs/share/my_first_package_msgs/cmake/ament_cmake_export_dependencies-extras.cmake
[0.655s] -- Up-to-date: /home/min/dev_ws/ros/install/my_first_package_msgs/share/my_first_package_msgs/cmake/rosidl_cmake_export_typesupport_libraries-extras.cmake
[0.655s] -- Up-to-date: /home/min/dev_ws/ros/install/my_first_package_msgs/share/my_first_package_msgs/cmake/my_first_package_msgsConfig.cmake
[0.655s] -- Up-to-date: /home/min/dev_ws/ros/install/my_first_package_msgs/share/my_first_package_msgs/cmake/my_first_package_msgsConfig-version.cmake
[0.655s] -- Up-to-date: /home/min/dev_ws/ros/install/my_first_package_msgs/share/my_first_package_msgs/package.xml
[0.656s] Invoked command in '/home/min/dev_ws/ros/build/my_first_package_msgs' returned '0': CMAKE_PREFIX_PATH=${CMAKE_PREFIX_PATH}:/home/min/dev_ws/ros/install/my_first_package:/opt/ros/humble /usr/bin/cmake --install /home/min/dev_ws/ros/build/my_first_package_msgs
