[0.096s] DEBUG:colcon:Command line arguments: ['/usr/bin/colcon', 'build']
[0.096s] DEBUG:colcon:Parsed command line arguments: Namespace(log_base=None, log_level=None, verb_name='build', build_base='build', install_base='install', merge_install=False, symlink_install=False, test_result_base=None, continue_on_error=False, executor='parallel', parallel_workers=12, event_handlers=None, ignore_user_meta=False, metas=['./colcon.meta'], base_paths=['.'], packages_ignore=None, packages_ignore_regex=None, paths=None, packages_up_to=None, packages_up_to_regex=None, packages_above=None, packages_above_and_dependencies=None, packages_above_depth=None, packages_select_by_dep=None, packages_skip_by_dep=None, packages_skip_up_to=None, packages_select_build_failed=False, packages_skip_build_finished=False, packages_select_test_failures=False, packages_skip_test_passed=False, packages_select=None, packages_skip=None, packages_select_regex=None, packages_skip_regex=None, packages_start=None, packages_end=None, allow_overriding=[], cmake_args=None, cmake_target=None, cmake_target_skip_unavailable=False, cmake_clean_cache=False, cmake_clean_first=False, cmake_force_configure=False, ament_cmake_args=None, catkin_cmake_args=None, catkin_skip_building_tests=False, mixin_files=None, mixin=None, verb_parser=<colcon_mixin.mixin.mixin_argument.MixinArgumentDecorator object at 0x7cdfe967d540>, verb_extension=<colcon_core.verb.build.BuildVerb object at 0x7cdfe967cb20>, main=<bound method BuildVerb.main of <colcon_core.verb.build.BuildVerb object at 0x7cdfe967cb20>>, mixin_verb=('build',))
[0.267s] Level 1:colcon.colcon_core.package_discovery:discover_packages(colcon_meta) check parameters
[0.267s] Level 1:colcon.colcon_core.package_discovery:discover_packages(recursive) check parameters
[0.267s] Level 1:colcon.colcon_core.package_discovery:discover_packages(ignore) check parameters
[0.267s] Level 1:colcon.colcon_core.package_discovery:discover_packages(path) check parameters
[0.267s] Level 1:colcon.colcon_core.package_discovery:discover_packages(colcon_meta) discover
[0.267s] Level 1:colcon.colcon_core.package_discovery:discover_packages(recursive) discover
[0.267s] INFO:colcon.colcon_core.package_discovery:Crawling recursively for packages in '/home/min/dev_ws/ros'
[0.268s] Level 1:colcon.colcon_core.package_identification:_identify(.) by extensions ['ignore', 'ignore_ament_install']
[0.268s] Level 1:colcon.colcon_core.package_identification:_identify(.) by extension 'ignore'
[0.268s] Level 1:colcon.colcon_core.package_identification:_identify(.) by extension 'ignore_ament_install'
[0.268s] Level 1:colcon.colcon_core.package_identification:_identify(.) by extensions ['colcon_pkg']
[0.268s] Level 1:colcon.colcon_core.package_identification:_identify(.) by extension 'colcon_pkg'
[0.268s] Level 1:colcon.colcon_core.package_identification:_identify(.) by extensions ['colcon_meta']
[0.268s] Level 1:colcon.colcon_core.package_identification:_identify(.) by extension 'colcon_meta'
[0.268s] Level 1:colcon.colcon_core.package_identification:_identify(.) by extensions ['ros']
[0.268s] Level 1:colcon.colcon_core.package_identification:_identify(.) by extension 'ros'
[0.283s] Level 1:colcon.colcon_core.package_identification:_identify(.) by extensions ['cmake', 'python']
[0.283s] Level 1:colcon.colcon_core.package_identification:_identify(.) by extension 'cmake'
[0.283s] Level 1:colcon.colcon_core.package_identification:_identify(.) by extension 'python'
[0.283s] Level 1:colcon.colcon_core.package_identification:_identify(.) by extensions ['python_setup_py']
[0.283s] Level 1:colcon.colcon_core.package_identification:_identify(.) by extension 'python_setup_py'
[0.283s] Level 1:colcon.colcon_core.package_identification:_identify(04.turtlebot) by extensions ['ignore', 'ignore_ament_install']
[0.283s] Level 1:colcon.colcon_core.package_identification:_identify(04.turtlebot) by extension 'ignore'
[0.283s] Level 1:colcon.colcon_core.package_identification:_identify(04.turtlebot) by extension 'ignore_ament_install'
[0.283s] Level 1:colcon.colcon_core.package_identification:_identify(04.turtlebot) by extensions ['colcon_pkg']
[0.283s] Level 1:colcon.colcon_core.package_identification:_identify(04.turtlebot) by extension 'colcon_pkg'
[0.283s] Level 1:colcon.colcon_core.package_identification:_identify(04.turtlebot) by extensions ['colcon_meta']
[0.283s] Level 1:colcon.colcon_core.package_identification:_identify(04.turtlebot) by extension 'colcon_meta'
[0.283s] Level 1:colcon.colcon_core.package_identification:_identify(04.turtlebot) by extensions ['ros']
[0.284s] Level 1:colcon.colcon_core.package_identification:_identify(04.turtlebot) by extension 'ros'
[0.284s] Level 1:colcon.colcon_core.package_identification:_identify(04.turtlebot) by extensions ['cmake', 'python']
[0.284s] Level 1:colcon.colcon_core.package_identification:_identify(04.turtlebot) by extension 'cmake'
[0.284s] Level 1:colcon.colcon_core.package_identification:_identify(04.turtlebot) by extension 'python'
[0.284s] Level 1:colcon.colcon_core.package_identification:_identify(04.turtlebot) by extensions ['python_setup_py']
[0.284s] Level 1:colcon.colcon_core.package_identification:_identify(04.turtlebot) by extension 'python_setup_py'
[0.284s] Level 1:colcon.colcon_core.package_identification:_identify(6.class) by extensions ['ignore', 'ignore_ament_install']
[0.284s] Level 1:colcon.colcon_core.package_identification:_identify(6.class) by extension 'ignore'
[0.284s] Level 1:colcon.colcon_core.package_identification:_identify(6.class) by extension 'ignore_ament_install'
[0.284s] Level 1:colcon.colcon_core.package_identification:_identify(6.class) by extensions ['colcon_pkg']
[0.284s] Level 1:colcon.colcon_core.package_identification:_identify(6.class) by extension 'colcon_pkg'
[0.284s] Level 1:colcon.colcon_core.package_identification:_identify(6.class) by extensions ['colcon_meta']
[0.284s] Level 1:colcon.colcon_core.package_identification:_identify(6.class) by extension 'colcon_meta'
[0.284s] Level 1:colcon.colcon_core.package_identification:_identify(6.class) by extensions ['ros']
[0.284s] Level 1:colcon.colcon_core.package_identification:_identify(6.class) by extension 'ros'
[0.284s] Level 1:colcon.colcon_core.package_identification:_identify(6.class) by extensions ['cmake', 'python']
[0.284s] Level 1:colcon.colcon_core.package_identification:_identify(6.class) by extension 'cmake'
[0.284s] Level 1:colcon.colcon_core.package_identification:_identify(6.class) by extension 'python'
[0.284s] Level 1:colcon.colcon_core.package_identification:_identify(6.class) by extensions ['python_setup_py']
[0.284s] Level 1:colcon.colcon_core.package_identification:_identify(6.class) by extension 'python_setup_py'
[0.284s] Level 1:colcon.colcon_core.package_identification:_identify(bag) by extensions ['ignore', 'ignore_ament_install']
[0.285s] Level 1:colcon.colcon_core.package_identification:_identify(bag) by extension 'ignore'
[0.285s] Level 1:colcon.colcon_core.package_identification:_identify(bag) by extension 'ignore_ament_install'
[0.285s] Level 1:colcon.colcon_core.package_identification:_identify(bag) by extensions ['colcon_pkg']
[0.285s] Level 1:colcon.colcon_core.package_identification:_identify(bag) by extension 'colcon_pkg'
[0.285s] Level 1:colcon.colcon_core.package_identification:_identify(bag) by extensions ['colcon_meta']
[0.285s] Level 1:colcon.colcon_core.package_identification:_identify(bag) by extension 'colcon_meta'
[0.285s] Level 1:colcon.colcon_core.package_identification:_identify(bag) by extensions ['ros']
[0.285s] Level 1:colcon.colcon_core.package_identification:_identify(bag) by extension 'ros'
[0.285s] Level 1:colcon.colcon_core.package_identification:_identify(bag) by extensions ['cmake', 'python']
[0.285s] Level 1:colcon.colcon_core.package_identification:_identify(bag) by extension 'cmake'
[0.285s] Level 1:colcon.colcon_core.package_identification:_identify(bag) by extension 'python'
[0.285s] Level 1:colcon.colcon_core.package_identification:_identify(bag) by extensions ['python_setup_py']
[0.285s] Level 1:colcon.colcon_core.package_identification:_identify(bag) by extension 'python_setup_py'
[0.285s] Level 1:colcon.colcon_core.package_identification:_identify(bag/quiz) by extensions ['ignore', 'ignore_ament_install']
[0.285s] Level 1:colcon.colcon_core.package_identification:_identify(bag/quiz) by extension 'ignore'
[0.285s] Level 1:colcon.colcon_core.package_identification:_identify(bag/quiz) by extension 'ignore_ament_install'
[0.285s] Level 1:colcon.colcon_core.package_identification:_identify(bag/quiz) by extensions ['colcon_pkg']
[0.285s] Level 1:colcon.colcon_core.package_identification:_identify(bag/quiz) by extension 'colcon_pkg'
[0.285s] Level 1:colcon.colcon_core.package_identification:_identify(bag/quiz) by extensions ['colcon_meta']
[0.285s] Level 1:colcon.colcon_core.package_identification:_identify(bag/quiz) by extension 'colcon_meta'
[0.285s] Level 1:colcon.colcon_core.package_identification:_identify(bag/quiz) by extensions ['ros']
[0.285s] Level 1:colcon.colcon_core.package_identification:_identify(bag/quiz) by extension 'ros'
[0.285s] Level 1:colcon.colcon_core.package_identification:_identify(bag/quiz) by extensions ['cmake', 'python']
[0.286s] Level 1:colcon.colcon_core.package_identification:_identify(bag/quiz) by extension 'cmake'
[0.286s] Level 1:colcon.colcon_core.package_identification:_identify(bag/quiz) by extension 'python'
[0.286s] Level 1:colcon.colcon_core.package_identification:_identify(bag/quiz) by extensions ['python_setup_py']
[0.286s] Level 1:colcon.colcon_core.package_identification:_identify(bag/quiz) by extension 'python_setup_py'
[0.286s] Level 1:colcon.colcon_core.package_identification:_identify(bag/quiz/2024-06-19-13-44-56) by extensions ['ignore', 'ignore_ament_install']
[0.286s] Level 1:colcon.colcon_core.package_identification:_identify(bag/quiz/2024-06-19-13-44-56) by extension 'ignore'
[0.286s] Level 1:colcon.colcon_core.package_identification:_identify(bag/quiz/2024-06-19-13-44-56) by extension 'ignore_ament_install'
[0.286s] Level 1:colcon.colcon_core.package_identification:_identify(bag/quiz/2024-06-19-13-44-56) by extensions ['colcon_pkg']
[0.286s] Level 1:colcon.colcon_core.package_identification:_identify(bag/quiz/2024-06-19-13-44-56) by extension 'colcon_pkg'
[0.286s] Level 1:colcon.colcon_core.package_identification:_identify(bag/quiz/2024-06-19-13-44-56) by extensions ['colcon_meta']
[0.286s] Level 1:colcon.colcon_core.package_identification:_identify(bag/quiz/2024-06-19-13-44-56) by extension 'colcon_meta'
[0.286s] Level 1:colcon.colcon_core.package_identification:_identify(bag/quiz/2024-06-19-13-44-56) by extensions ['ros']
[0.286s] Level 1:colcon.colcon_core.package_identification:_identify(bag/quiz/2024-06-19-13-44-56) by extension 'ros'
[0.286s] Level 1:colcon.colcon_core.package_identification:_identify(bag/quiz/2024-06-19-13-44-56) by extensions ['cmake', 'python']
[0.286s] Level 1:colcon.colcon_core.package_identification:_identify(bag/quiz/2024-06-19-13-44-56) by extension 'cmake'
[0.286s] Level 1:colcon.colcon_core.package_identification:_identify(bag/quiz/2024-06-19-13-44-56) by extension 'python'
[0.286s] Level 1:colcon.colcon_core.package_identification:_identify(bag/quiz/2024-06-19-13-44-56) by extensions ['python_setup_py']
[0.286s] Level 1:colcon.colcon_core.package_identification:_identify(bag/quiz/2024-06-19-13-44-56) by extension 'python_setup_py'
[0.286s] Level 1:colcon.colcon_core.package_identification:_identify(bag/turtle_test) by extensions ['ignore', 'ignore_ament_install']
[0.286s] Level 1:colcon.colcon_core.package_identification:_identify(bag/turtle_test) by extension 'ignore'
[0.286s] Level 1:colcon.colcon_core.package_identification:_identify(bag/turtle_test) by extension 'ignore_ament_install'
[0.286s] Level 1:colcon.colcon_core.package_identification:_identify(bag/turtle_test) by extensions ['colcon_pkg']
[0.286s] Level 1:colcon.colcon_core.package_identification:_identify(bag/turtle_test) by extension 'colcon_pkg'
[0.287s] Level 1:colcon.colcon_core.package_identification:_identify(bag/turtle_test) by extensions ['colcon_meta']
[0.287s] Level 1:colcon.colcon_core.package_identification:_identify(bag/turtle_test) by extension 'colcon_meta'
[0.287s] Level 1:colcon.colcon_core.package_identification:_identify(bag/turtle_test) by extensions ['ros']
[0.287s] Level 1:colcon.colcon_core.package_identification:_identify(bag/turtle_test) by extension 'ros'
[0.287s] Level 1:colcon.colcon_core.package_identification:_identify(bag/turtle_test) by extensions ['cmake', 'python']
[0.287s] Level 1:colcon.colcon_core.package_identification:_identify(bag/turtle_test) by extension 'cmake'
[0.287s] Level 1:colcon.colcon_core.package_identification:_identify(bag/turtle_test) by extension 'python'
[0.287s] Level 1:colcon.colcon_core.package_identification:_identify(bag/turtle_test) by extensions ['python_setup_py']
[0.287s] Level 1:colcon.colcon_core.package_identification:_identify(bag/turtle_test) by extension 'python_setup_py'
[0.287s] Level 1:colcon.colcon_core.package_identification:_identify(bag/turtle_test_1) by extensions ['ignore', 'ignore_ament_install']
[0.287s] Level 1:colcon.colcon_core.package_identification:_identify(bag/turtle_test_1) by extension 'ignore'
[0.287s] Level 1:colcon.colcon_core.package_identification:_identify(bag/turtle_test_1) by extension 'ignore_ament_install'
[0.287s] Level 1:colcon.colcon_core.package_identification:_identify(bag/turtle_test_1) by extensions ['colcon_pkg']
[0.287s] Level 1:colcon.colcon_core.package_identification:_identify(bag/turtle_test_1) by extension 'colcon_pkg'
[0.287s] Level 1:colcon.colcon_core.package_identification:_identify(bag/turtle_test_1) by extensions ['colcon_meta']
[0.287s] Level 1:colcon.colcon_core.package_identification:_identify(bag/turtle_test_1) by extension 'colcon_meta'
[0.287s] Level 1:colcon.colcon_core.package_identification:_identify(bag/turtle_test_1) by extensions ['ros']
[0.287s] Level 1:colcon.colcon_core.package_identification:_identify(bag/turtle_test_1) by extension 'ros'
[0.287s] Level 1:colcon.colcon_core.package_identification:_identify(bag/turtle_test_1) by extensions ['cmake', 'python']
[0.287s] Level 1:colcon.colcon_core.package_identification:_identify(bag/turtle_test_1) by extension 'cmake'
[0.287s] Level 1:colcon.colcon_core.package_identification:_identify(bag/turtle_test_1) by extension 'python'
[0.287s] Level 1:colcon.colcon_core.package_identification:_identify(bag/turtle_test_1) by extensions ['python_setup_py']
[0.287s] Level 1:colcon.colcon_core.package_identification:_identify(bag/turtle_test_1) by extension 'python_setup_py'
[0.287s] Level 1:colcon.colcon_core.package_identification:_identify(build) by extensions ['ignore', 'ignore_ament_install']
[0.288s] Level 1:colcon.colcon_core.package_identification:_identify(build) by extension 'ignore'
[0.288s] Level 1:colcon.colcon_core.package_identification:_identify(build) ignored
[0.288s] Level 1:colcon.colcon_core.package_identification:_identify(install) by extensions ['ignore', 'ignore_ament_install']
[0.288s] Level 1:colcon.colcon_core.package_identification:_identify(install) by extension 'ignore'
[0.288s] Level 1:colcon.colcon_core.package_identification:_identify(install) ignored
[0.288s] Level 1:colcon.colcon_core.package_identification:_identify(log) by extensions ['ignore', 'ignore_ament_install']
[0.288s] Level 1:colcon.colcon_core.package_identification:_identify(log) by extension 'ignore'
[0.288s] Level 1:colcon.colcon_core.package_identification:_identify(log) ignored
[0.288s] Level 1:colcon.colcon_core.package_identification:_identify(practice) by extensions ['ignore', 'ignore_ament_install']
[0.288s] Level 1:colcon.colcon_core.package_identification:_identify(practice) by extension 'ignore'
[0.288s] Level 1:colcon.colcon_core.package_identification:_identify(practice) by extension 'ignore_ament_install'
[0.288s] Level 1:colcon.colcon_core.package_identification:_identify(practice) by extensions ['colcon_pkg']
[0.288s] Level 1:colcon.colcon_core.package_identification:_identify(practice) by extension 'colcon_pkg'
[0.288s] Level 1:colcon.colcon_core.package_identification:_identify(practice) by extensions ['colcon_meta']
[0.288s] Level 1:colcon.colcon_core.package_identification:_identify(practice) by extension 'colcon_meta'
[0.289s] Level 1:colcon.colcon_core.package_identification:_identify(practice) by extensions ['ros']
[0.289s] Level 1:colcon.colcon_core.package_identification:_identify(practice) by extension 'ros'
[0.289s] Level 1:colcon.colcon_core.package_identification:_identify(practice) by extensions ['cmake', 'python']
[0.289s] Level 1:colcon.colcon_core.package_identification:_identify(practice) by extension 'cmake'
[0.289s] Level 1:colcon.colcon_core.package_identification:_identify(practice) by extension 'python'
[0.289s] Level 1:colcon.colcon_core.package_identification:_identify(practice) by extensions ['python_setup_py']
[0.289s] Level 1:colcon.colcon_core.package_identification:_identify(practice) by extension 'python_setup_py'
[0.289s] Level 1:colcon.colcon_core.package_identification:_identify(practice/04.turtlebot) by extensions ['ignore', 'ignore_ament_install']
[0.289s] Level 1:colcon.colcon_core.package_identification:_identify(practice/04.turtlebot) by extension 'ignore'
[0.289s] Level 1:colcon.colcon_core.package_identification:_identify(practice/04.turtlebot) by extension 'ignore_ament_install'
[0.289s] Level 1:colcon.colcon_core.package_identification:_identify(practice/04.turtlebot) by extensions ['colcon_pkg']
[0.289s] Level 1:colcon.colcon_core.package_identification:_identify(practice/04.turtlebot) by extension 'colcon_pkg'
[0.289s] Level 1:colcon.colcon_core.package_identification:_identify(practice/04.turtlebot) by extensions ['colcon_meta']
[0.289s] Level 1:colcon.colcon_core.package_identification:_identify(practice/04.turtlebot) by extension 'colcon_meta'
[0.289s] Level 1:colcon.colcon_core.package_identification:_identify(practice/04.turtlebot) by extensions ['ros']
[0.289s] Level 1:colcon.colcon_core.package_identification:_identify(practice/04.turtlebot) by extension 'ros'
[0.289s] Level 1:colcon.colcon_core.package_identification:_identify(practice/04.turtlebot) by extensions ['cmake', 'python']
[0.289s] Level 1:colcon.colcon_core.package_identification:_identify(practice/04.turtlebot) by extension 'cmake'
[0.289s] Level 1:colcon.colcon_core.package_identification:_identify(practice/04.turtlebot) by extension 'python'
[0.289s] Level 1:colcon.colcon_core.package_identification:_identify(practice/04.turtlebot) by extensions ['python_setup_py']
[0.289s] Level 1:colcon.colcon_core.package_identification:_identify(practice/04.turtlebot) by extension 'python_setup_py'
[0.289s] Level 1:colcon.colcon_core.package_identification:_identify(practice/6.class) by extensions ['ignore', 'ignore_ament_install']
[0.290s] Level 1:colcon.colcon_core.package_identification:_identify(practice/6.class) by extension 'ignore'
[0.290s] Level 1:colcon.colcon_core.package_identification:_identify(practice/6.class) by extension 'ignore_ament_install'
[0.290s] Level 1:colcon.colcon_core.package_identification:_identify(practice/6.class) by extensions ['colcon_pkg']
[0.290s] Level 1:colcon.colcon_core.package_identification:_identify(practice/6.class) by extension 'colcon_pkg'
[0.290s] Level 1:colcon.colcon_core.package_identification:_identify(practice/6.class) by extensions ['colcon_meta']
[0.290s] Level 1:colcon.colcon_core.package_identification:_identify(practice/6.class) by extension 'colcon_meta'
[0.290s] Level 1:colcon.colcon_core.package_identification:_identify(practice/6.class) by extensions ['ros']
[0.290s] Level 1:colcon.colcon_core.package_identification:_identify(practice/6.class) by extension 'ros'
[0.290s] Level 1:colcon.colcon_core.package_identification:_identify(practice/6.class) by extensions ['cmake', 'python']
[0.290s] Level 1:colcon.colcon_core.package_identification:_identify(practice/6.class) by extension 'cmake'
[0.290s] Level 1:colcon.colcon_core.package_identification:_identify(practice/6.class) by extension 'python'
[0.290s] Level 1:colcon.colcon_core.package_identification:_identify(practice/6.class) by extensions ['python_setup_py']
[0.290s] Level 1:colcon.colcon_core.package_identification:_identify(practice/6.class) by extension 'python_setup_py'
[0.290s] Level 1:colcon.colcon_core.package_identification:_identify(src) by extensions ['ignore', 'ignore_ament_install']
[0.290s] Level 1:colcon.colcon_core.package_identification:_identify(src) by extension 'ignore'
[0.290s] Level 1:colcon.colcon_core.package_identification:_identify(src) by extension 'ignore_ament_install'
[0.290s] Level 1:colcon.colcon_core.package_identification:_identify(src) by extensions ['colcon_pkg']
[0.290s] Level 1:colcon.colcon_core.package_identification:_identify(src) by extension 'colcon_pkg'
[0.290s] Level 1:colcon.colcon_core.package_identification:_identify(src) by extensions ['colcon_meta']
[0.290s] Level 1:colcon.colcon_core.package_identification:_identify(src) by extension 'colcon_meta'
[0.290s] Level 1:colcon.colcon_core.package_identification:_identify(src) by extensions ['ros']
[0.290s] Level 1:colcon.colcon_core.package_identification:_identify(src) by extension 'ros'
[0.290s] Level 1:colcon.colcon_core.package_identification:_identify(src) by extensions ['cmake', 'python']
[0.290s] Level 1:colcon.colcon_core.package_identification:_identify(src) by extension 'cmake'
[0.290s] Level 1:colcon.colcon_core.package_identification:_identify(src) by extension 'python'
[0.291s] Level 1:colcon.colcon_core.package_identification:_identify(src) by extensions ['python_setup_py']
[0.291s] Level 1:colcon.colcon_core.package_identification:_identify(src) by extension 'python_setup_py'
[0.291s] Level 1:colcon.colcon_core.package_identification:_identify(src/my_first_package) by extensions ['ignore', 'ignore_ament_install']
[0.291s] Level 1:colcon.colcon_core.package_identification:_identify(src/my_first_package) by extension 'ignore'
[0.291s] Level 1:colcon.colcon_core.package_identification:_identify(src/my_first_package) by extension 'ignore_ament_install'
[0.291s] Level 1:colcon.colcon_core.package_identification:_identify(src/my_first_package) by extensions ['colcon_pkg']
[0.291s] Level 1:colcon.colcon_core.package_identification:_identify(src/my_first_package) by extension 'colcon_pkg'
[0.291s] Level 1:colcon.colcon_core.package_identification:_identify(src/my_first_package) by extensions ['colcon_meta']
[0.291s] Level 1:colcon.colcon_core.package_identification:_identify(src/my_first_package) by extension 'colcon_meta'
[0.291s] Level 1:colcon.colcon_core.package_identification:_identify(src/my_first_package) by extensions ['ros']
[0.291s] Level 1:colcon.colcon_core.package_identification:_identify(src/my_first_package) by extension 'ros'
[0.293s] DEBUG:colcon.colcon_core.package_identification:Package 'src/my_first_package' with type 'ros.ament_python' and name 'my_first_package'
[0.293s] Level 1:colcon.colcon_core.package_identification:_identify(src/my_first_package_msgs) by extensions ['ignore', 'ignore_ament_install']
[0.293s] Level 1:colcon.colcon_core.package_identification:_identify(src/my_first_package_msgs) by extension 'ignore'
[0.293s] Level 1:colcon.colcon_core.package_identification:_identify(src/my_first_package_msgs) by extension 'ignore_ament_install'
[0.293s] Level 1:colcon.colcon_core.package_identification:_identify(src/my_first_package_msgs) by extensions ['colcon_pkg']
[0.293s] Level 1:colcon.colcon_core.package_identification:_identify(src/my_first_package_msgs) by extension 'colcon_pkg'
[0.293s] Level 1:colcon.colcon_core.package_identification:_identify(src/my_first_package_msgs) by extensions ['colcon_meta']
[0.293s] Level 1:colcon.colcon_core.package_identification:_identify(src/my_first_package_msgs) by extension 'colcon_meta'
[0.293s] Level 1:colcon.colcon_core.package_identification:_identify(src/my_first_package_msgs) by extensions ['ros']
[0.293s] Level 1:colcon.colcon_core.package_identification:_identify(src/my_first_package_msgs) by extension 'ros'
[0.294s] DEBUG:colcon.colcon_core.package_identification:Package 'src/my_first_package_msgs' with type 'ros.ament_cmake' and name 'my_first_package_msgs'
[0.294s] Level 1:colcon.colcon_core.package_discovery:discover_packages(recursive) using defaults
[0.294s] Level 1:colcon.colcon_core.package_discovery:discover_packages(ignore) discover
[0.294s] Level 1:colcon.colcon_core.package_discovery:discover_packages(ignore) using defaults
[0.294s] Level 1:colcon.colcon_core.package_discovery:discover_packages(path) discover
[0.294s] Level 1:colcon.colcon_core.package_discovery:discover_packages(path) using defaults
[0.309s] Level 1:colcon.colcon_core.package_discovery:discover_packages(prefix_path) check parameters
[0.309s] Level 1:colcon.colcon_core.package_discovery:discover_packages(prefix_path) discover
[0.310s] DEBUG:colcon.colcon_installed_package_information.package_discovery:Found 2 installed packages in /home/min/dev_ws/ros/install
[0.311s] DEBUG:colcon.colcon_installed_package_information.package_discovery:Found 294 installed packages in /opt/ros/humble
[0.313s] Level 1:colcon.colcon_core.package_discovery:discover_packages(prefix_path) using defaults
[0.345s] Level 5:colcon.colcon_core.verb:set package 'my_first_package' build argument 'cmake_args' from command line to 'None'
[0.345s] Level 5:colcon.colcon_core.verb:set package 'my_first_package' build argument 'cmake_target' from command line to 'None'
[0.345s] Level 5:colcon.colcon_core.verb:set package 'my_first_package' build argument 'cmake_target_skip_unavailable' from command line to 'False'
[0.345s] Level 5:colcon.colcon_core.verb:set package 'my_first_package' build argument 'cmake_clean_cache' from command line to 'False'
[0.345s] Level 5:colcon.colcon_core.verb:set package 'my_first_package' build argument 'cmake_clean_first' from command line to 'False'
[0.345s] Level 5:colcon.colcon_core.verb:set package 'my_first_package' build argument 'cmake_force_configure' from command line to 'False'
[0.345s] Level 5:colcon.colcon_core.verb:set package 'my_first_package' build argument 'ament_cmake_args' from command line to 'None'
[0.345s] Level 5:colcon.colcon_core.verb:set package 'my_first_package' build argument 'catkin_cmake_args' from command line to 'None'
[0.345s] Level 5:colcon.colcon_core.verb:set package 'my_first_package' build argument 'catkin_skip_building_tests' from command line to 'False'
[0.345s] DEBUG:colcon.colcon_core.verb:Building package 'my_first_package' with the following arguments: {'ament_cmake_args': None, 'build_base': '/home/min/dev_ws/ros/build/my_first_package', 'catkin_cmake_args': None, 'catkin_skip_building_tests': False, 'cmake_args': None, 'cmake_clean_cache': False, 'cmake_clean_first': False, 'cmake_force_configure': False, 'cmake_target': None, 'cmake_target_skip_unavailable': False, 'install_base': '/home/min/dev_ws/ros/install/my_first_package', 'merge_install': False, 'path': '/home/min/dev_ws/ros/src/my_first_package', 'symlink_install': False, 'test_result_base': None}
[0.346s] Level 5:colcon.colcon_core.verb:set package 'my_first_package_msgs' build argument 'cmake_args' from command line to 'None'
[0.346s] Level 5:colcon.colcon_core.verb:set package 'my_first_package_msgs' build argument 'cmake_target' from command line to 'None'
[0.346s] Level 5:colcon.colcon_core.verb:set package 'my_first_package_msgs' build argument 'cmake_target_skip_unavailable' from command line to 'False'
[0.346s] Level 5:colcon.colcon_core.verb:set package 'my_first_package_msgs' build argument 'cmake_clean_cache' from command line to 'False'
[0.346s] Level 5:colcon.colcon_core.verb:set package 'my_first_package_msgs' build argument 'cmake_clean_first' from command line to 'False'
[0.346s] Level 5:colcon.colcon_core.verb:set package 'my_first_package_msgs' build argument 'cmake_force_configure' from command line to 'False'
[0.346s] Level 5:colcon.colcon_core.verb:set package 'my_first_package_msgs' build argument 'ament_cmake_args' from command line to 'None'
[0.346s] Level 5:colcon.colcon_core.verb:set package 'my_first_package_msgs' build argument 'catkin_cmake_args' from command line to 'None'
[0.346s] Level 5:colcon.colcon_core.verb:set package 'my_first_package_msgs' build argument 'catkin_skip_building_tests' from command line to 'False'
[0.346s] DEBUG:colcon.colcon_core.verb:Building package 'my_first_package_msgs' with the following arguments: {'ament_cmake_args': None, 'build_base': '/home/min/dev_ws/ros/build/my_first_package_msgs', 'catkin_cmake_args': None, 'catkin_skip_building_tests': False, 'cmake_args': None, 'cmake_clean_cache': False, 'cmake_clean_first': False, 'cmake_force_configure': False, 'cmake_target': None, 'cmake_target_skip_unavailable': False, 'install_base': '/home/min/dev_ws/ros/install/my_first_package_msgs', 'merge_install': False, 'path': '/home/min/dev_ws/ros/src/my_first_package_msgs', 'symlink_install': False, 'test_result_base': None}
[0.346s] INFO:colcon.colcon_core.executor:Executing jobs using 'parallel' executor
[0.347s] DEBUG:colcon.colcon_parallel_executor.executor.parallel:run_until_complete
[0.347s] INFO:colcon.colcon_ros.task.ament_python.build:Building ROS package in '/home/min/dev_ws/ros/src/my_first_package' with build type 'ament_python'
[0.347s] Level 1:colcon.colcon_core.shell:create_environment_hook('my_first_package', 'ament_prefix_path')
[0.348s] INFO:colcon.colcon_core.plugin_system:Skipping extension 'colcon_core.shell.bat': Not used on non-Windows systems
[0.349s] INFO:colcon.colcon_core.shell:Creating environment hook '/home/min/dev_ws/ros/install/my_first_package/share/my_first_package/hook/ament_prefix_path.ps1'
[0.349s] INFO:colcon.colcon_core.shell:Creating environment descriptor '/home/min/dev_ws/ros/install/my_first_package/share/my_first_package/hook/ament_prefix_path.dsv'
[0.349s] INFO:colcon.colcon_core.shell:Creating environment hook '/home/min/dev_ws/ros/install/my_first_package/share/my_first_package/hook/ament_prefix_path.sh'
[0.350s] INFO:colcon.colcon_core.shell:Skip shell extension 'powershell' for command environment: Not usable outside of PowerShell
[0.350s] DEBUG:colcon.colcon_core.shell:Skip shell extension 'dsv' for command environment
[0.352s] INFO:colcon.colcon_ros.task.ament_cmake.build:Building ROS package in '/home/min/dev_ws/ros/src/my_first_package_msgs' with build type 'ament_cmake'
[0.352s] INFO:colcon.colcon_cmake.task.cmake.build:Building CMake package in '/home/min/dev_ws/ros/src/my_first_package_msgs'
[0.353s] INFO:colcon.colcon_core.shell:Skip shell extension 'powershell' for command environment: Not usable outside of PowerShell
[0.353s] DEBUG:colcon.colcon_core.shell:Skip shell extension 'dsv' for command environment
[0.591s] INFO:colcon.colcon_core.task.python.build:Building Python package in '/home/min/dev_ws/ros/src/my_first_package'
[0.592s] INFO:colcon.colcon_core.shell:Skip shell extension 'powershell' for command environment: Not usable outside of PowerShell
[0.592s] DEBUG:colcon.colcon_core.shell:Skip shell extension 'dsv' for command environment
[0.599s] DEBUG:colcon.colcon_core.event_handler.log_command:Invoking command in '/home/min/dev_ws/ros/build/my_first_package_msgs': CMAKE_PREFIX_PATH=${CMAKE_PREFIX_PATH}:/home/min/dev_ws/ros/install/my_first_package:/opt/ros/humble /usr/bin/cmake --build /home/min/dev_ws/ros/build/my_first_package_msgs -- -j12 -l12
[0.945s] DEBUG:colcon.colcon_core.event_handler.log_command:Invoked command in '/home/min/dev_ws/ros/build/my_first_package_msgs' returned '0': CMAKE_PREFIX_PATH=${CMAKE_PREFIX_PATH}:/home/min/dev_ws/ros/install/my_first_package:/opt/ros/humble /usr/bin/cmake --build /home/min/dev_ws/ros/build/my_first_package_msgs -- -j12 -l12
[0.962s] DEBUG:colcon.colcon_core.event_handler.log_command:Invoking command in '/home/min/dev_ws/ros/src/my_first_package': PYTHONPATH=/home/min/dev_ws/ros/build/my_first_package/prefix_override:/home/min/dev_ws/ros/install/my_first_package/lib/python3.10/site-packages:${PYTHONPATH} /usr/bin/python3 -W ignore:setup.py install is deprecated setup.py egg_info --egg-base ../../build/my_first_package build --build-base /home/min/dev_ws/ros/build/my_first_package/build install --record /home/min/dev_ws/ros/build/my_first_package/install.log --single-version-externally-managed install_data
[1.019s] DEBUG:colcon.colcon_core.event_handler.log_command:Invoking command in '/home/min/dev_ws/ros/build/my_first_package_msgs': CMAKE_PREFIX_PATH=${CMAKE_PREFIX_PATH}:/home/min/dev_ws/ros/install/my_first_package:/opt/ros/humble /usr/bin/cmake --install /home/min/dev_ws/ros/build/my_first_package_msgs
[1.065s] Level 1:colcon.colcon_core.environment:create_environment_scripts_only(my_first_package_msgs)
[1.067s] DEBUG:colcon.colcon_core.event_handler.log_command:Invoked command in '/home/min/dev_ws/ros/build/my_first_package_msgs' returned '0': CMAKE_PREFIX_PATH=${CMAKE_PREFIX_PATH}:/home/min/dev_ws/ros/install/my_first_package:/opt/ros/humble /usr/bin/cmake --install /home/min/dev_ws/ros/build/my_first_package_msgs
[1.068s] Level 1:colcon.colcon_core.environment:checking '/home/min/dev_ws/ros/install/my_first_package_msgs' for CMake module files
[1.068s] Level 1:colcon.colcon_core.environment:checking '/home/min/dev_ws/ros/install/my_first_package_msgs' for CMake config files
[1.069s] Level 1:colcon.colcon_core.shell:create_environment_hook('my_first_package_msgs', 'cmake_prefix_path')
[1.069s] INFO:colcon.colcon_core.shell:Creating environment hook '/home/min/dev_ws/ros/install/my_first_package_msgs/share/my_first_package_msgs/hook/cmake_prefix_path.ps1'
[1.069s] INFO:colcon.colcon_core.shell:Creating environment descriptor '/home/min/dev_ws/ros/install/my_first_package_msgs/share/my_first_package_msgs/hook/cmake_prefix_path.dsv'
[1.069s] INFO:colcon.colcon_core.shell:Creating environment hook '/home/min/dev_ws/ros/install/my_first_package_msgs/share/my_first_package_msgs/hook/cmake_prefix_path.sh'
[1.070s] Level 1:colcon.colcon_core.environment:checking '/home/min/dev_ws/ros/install/my_first_package_msgs/lib'
[1.070s] Level 1:colcon.colcon_core.shell:create_environment_hook('my_first_package_msgs', 'ld_library_path_lib')
[1.070s] INFO:colcon.colcon_core.shell:Creating environment hook '/home/min/dev_ws/ros/install/my_first_package_msgs/share/my_first_package_msgs/hook/ld_library_path_lib.ps1'
[1.070s] INFO:colcon.colcon_core.shell:Creating environment descriptor '/home/min/dev_ws/ros/install/my_first_package_msgs/share/my_first_package_msgs/hook/ld_library_path_lib.dsv'
[1.071s] INFO:colcon.colcon_core.shell:Creating environment hook '/home/min/dev_ws/ros/install/my_first_package_msgs/share/my_first_package_msgs/hook/ld_library_path_lib.sh'
[1.071s] Level 1:colcon.colcon_core.environment:checking '/home/min/dev_ws/ros/install/my_first_package_msgs/bin'
[1.071s] Level 1:colcon.colcon_core.environment:checking '/home/min/dev_ws/ros/install/my_first_package_msgs/lib/pkgconfig/my_first_package_msgs.pc'
[1.071s] Level 1:colcon.colcon_core.environment:checking '/home/min/dev_ws/ros/install/my_first_package_msgs/lib/python3.10/site-packages'
[1.071s] Level 1:colcon.colcon_core.environment:checking '/home/min/dev_ws/ros/install/my_first_package_msgs/bin'
[1.072s] INFO:colcon.colcon_core.shell:Creating package script '/home/min/dev_ws/ros/install/my_first_package_msgs/share/my_first_package_msgs/package.ps1'
[1.072s] INFO:colcon.colcon_core.shell:Creating package descriptor '/home/min/dev_ws/ros/install/my_first_package_msgs/share/my_first_package_msgs/package.dsv'
[1.073s] INFO:colcon.colcon_core.shell:Creating package script '/home/min/dev_ws/ros/install/my_first_package_msgs/share/my_first_package_msgs/package.sh'
[1.073s] INFO:colcon.colcon_core.shell:Creating package script '/home/min/dev_ws/ros/install/my_first_package_msgs/share/my_first_package_msgs/package.bash'
[1.074s] INFO:colcon.colcon_core.shell:Creating package script '/home/min/dev_ws/ros/install/my_first_package_msgs/share/my_first_package_msgs/package.zsh'
[1.075s] Level 1:colcon.colcon_core.environment:create_file_with_runtime_dependencies(/home/min/dev_ws/ros/install/my_first_package_msgs/share/colcon-core/packages/my_first_package_msgs)
[1.139s] Level 1:colcon.colcon_core.environment:create_environment_scripts_only(my_first_package_msgs)
[1.140s] Level 1:colcon.colcon_core.environment:checking '/home/min/dev_ws/ros/install/my_first_package_msgs' for CMake module files
[1.140s] Level 1:colcon.colcon_core.environment:checking '/home/min/dev_ws/ros/install/my_first_package_msgs' for CMake config files
[1.141s] Level 1:colcon.colcon_core.shell:create_environment_hook('my_first_package_msgs', 'cmake_prefix_path')
[1.141s] INFO:colcon.colcon_core.shell:Creating environment hook '/home/min/dev_ws/ros/install/my_first_package_msgs/share/my_first_package_msgs/hook/cmake_prefix_path.ps1'
[1.141s] INFO:colcon.colcon_core.shell:Creating environment descriptor '/home/min/dev_ws/ros/install/my_first_package_msgs/share/my_first_package_msgs/hook/cmake_prefix_path.dsv'
[1.141s] INFO:colcon.colcon_core.shell:Creating environment hook '/home/min/dev_ws/ros/install/my_first_package_msgs/share/my_first_package_msgs/hook/cmake_prefix_path.sh'
[1.142s] Level 1:colcon.colcon_core.environment:checking '/home/min/dev_ws/ros/install/my_first_package_msgs/lib'
[1.142s] Level 1:colcon.colcon_core.shell:create_environment_hook('my_first_package_msgs', 'ld_library_path_lib')
[1.142s] INFO:colcon.colcon_core.shell:Creating environment hook '/home/min/dev_ws/ros/install/my_first_package_msgs/share/my_first_package_msgs/hook/ld_library_path_lib.ps1'
[1.142s] INFO:colcon.colcon_core.shell:Creating environment descriptor '/home/min/dev_ws/ros/install/my_first_package_msgs/share/my_first_package_msgs/hook/ld_library_path_lib.dsv'
[1.143s] INFO:colcon.colcon_core.shell:Creating environment hook '/home/min/dev_ws/ros/install/my_first_package_msgs/share/my_first_package_msgs/hook/ld_library_path_lib.sh'
[1.143s] Level 1:colcon.colcon_core.environment:checking '/home/min/dev_ws/ros/install/my_first_package_msgs/bin'
[1.143s] Level 1:colcon.colcon_core.environment:checking '/home/min/dev_ws/ros/install/my_first_package_msgs/lib/pkgconfig/my_first_package_msgs.pc'
[1.143s] Level 1:colcon.colcon_core.environment:checking '/home/min/dev_ws/ros/install/my_first_package_msgs/lib/python3.10/site-packages'
[1.143s] Level 1:colcon.colcon_core.environment:checking '/home/min/dev_ws/ros/install/my_first_package_msgs/bin'
[1.143s] INFO:colcon.colcon_core.shell:Creating package script '/home/min/dev_ws/ros/install/my_first_package_msgs/share/my_first_package_msgs/package.ps1'
[1.144s] INFO:colcon.colcon_core.shell:Creating package descriptor '/home/min/dev_ws/ros/install/my_first_package_msgs/share/my_first_package_msgs/package.dsv'
[1.144s] INFO:colcon.colcon_core.shell:Creating package script '/home/min/dev_ws/ros/install/my_first_package_msgs/share/my_first_package_msgs/package.sh'
[1.145s] INFO:colcon.colcon_core.shell:Creating package script '/home/min/dev_ws/ros/install/my_first_package_msgs/share/my_first_package_msgs/package.bash'
[1.145s] INFO:colcon.colcon_core.shell:Creating package script '/home/min/dev_ws/ros/install/my_first_package_msgs/share/my_first_package_msgs/package.zsh'
[1.145s] Level 1:colcon.colcon_core.environment:create_file_with_runtime_dependencies(/home/min/dev_ws/ros/install/my_first_package_msgs/share/colcon-core/packages/my_first_package_msgs)
[1.241s] Level 1:colcon.colcon_core.environment:checking '/home/min/dev_ws/ros/install/my_first_package' for CMake module files
[1.242s] DEBUG:colcon.colcon_core.event_handler.log_command:Invoked command in '/home/min/dev_ws/ros/src/my_first_package' returned '0': PYTHONPATH=/home/min/dev_ws/ros/build/my_first_package/prefix_override:/home/min/dev_ws/ros/install/my_first_package/lib/python3.10/site-packages:${PYTHONPATH} /usr/bin/python3 -W ignore:setup.py install is deprecated setup.py egg_info --egg-base ../../build/my_first_package build --build-base /home/min/dev_ws/ros/build/my_first_package/build install --record /home/min/dev_ws/ros/build/my_first_package/install.log --single-version-externally-managed install_data
[1.242s] Level 1:colcon.colcon_core.environment:checking '/home/min/dev_ws/ros/install/my_first_package' for CMake config files
[1.242s] Level 1:colcon.colcon_core.environment:checking '/home/min/dev_ws/ros/install/my_first_package/lib'
[1.242s] Level 1:colcon.colcon_core.environment:checking '/home/min/dev_ws/ros/install/my_first_package/bin'
[1.242s] Level 1:colcon.colcon_core.environment:checking '/home/min/dev_ws/ros/install/my_first_package/lib/pkgconfig/my_first_package.pc'
[1.242s] Level 1:colcon.colcon_core.environment:checking '/home/min/dev_ws/ros/install/my_first_package/lib/python3.10/site-packages'
[1.243s] Level 1:colcon.colcon_core.shell:create_environment_hook('my_first_package', 'pythonpath')
[1.243s] INFO:colcon.colcon_core.shell:Creating environment hook '/home/min/dev_ws/ros/install/my_first_package/share/my_first_package/hook/pythonpath.ps1'
[1.243s] INFO:colcon.colcon_core.shell:Creating environment descriptor '/home/min/dev_ws/ros/install/my_first_package/share/my_first_package/hook/pythonpath.dsv'
[1.243s] INFO:colcon.colcon_core.shell:Creating environment hook '/home/min/dev_ws/ros/install/my_first_package/share/my_first_package/hook/pythonpath.sh'
[1.244s] Level 1:colcon.colcon_core.environment:checking '/home/min/dev_ws/ros/install/my_first_package/bin'
[1.244s] Level 1:colcon.colcon_core.environment:create_environment_scripts_only(my_first_package)
[1.244s] INFO:colcon.colcon_core.shell:Creating package script '/home/min/dev_ws/ros/install/my_first_package/share/my_first_package/package.ps1'
[1.244s] INFO:colcon.colcon_core.shell:Creating package descriptor '/home/min/dev_ws/ros/install/my_first_package/share/my_first_package/package.dsv'
[1.245s] INFO:colcon.colcon_core.shell:Creating package script '/home/min/dev_ws/ros/install/my_first_package/share/my_first_package/package.sh'
[1.245s] INFO:colcon.colcon_core.shell:Creating package script '/home/min/dev_ws/ros/install/my_first_package/share/my_first_package/package.bash'
[1.245s] INFO:colcon.colcon_core.shell:Creating package script '/home/min/dev_ws/ros/install/my_first_package/share/my_first_package/package.zsh'
[1.245s] Level 1:colcon.colcon_core.environment:create_file_with_runtime_dependencies(/home/min/dev_ws/ros/install/my_first_package/share/colcon-core/packages/my_first_package)
[1.246s] DEBUG:colcon.colcon_parallel_executor.executor.parallel:closing loop
[1.246s] DEBUG:colcon.colcon_parallel_executor.executor.parallel:loop closed
[1.246s] DEBUG:colcon.colcon_parallel_executor.executor.parallel:run_until_complete finished with '0'
[1.246s] DEBUG:colcon.colcon_core.event_reactor:joining thread
[1.250s] INFO:colcon.colcon_core.plugin_system:Skipping extension 'colcon_notification.desktop_notification.terminal_notifier': Not used on non-Darwin systems
[1.250s] INFO:colcon.colcon_core.plugin_system:Skipping extension 'colcon_notification.desktop_notification.win32': Not used on non-Windows systems
[1.250s] INFO:colcon.colcon_notification.desktop_notification:Sending desktop notification using 'notify2'
[1.261s] DEBUG:colcon.colcon_core.event_reactor:joined thread
[1.261s] INFO:colcon.colcon_core.shell:Creating prefix script '/home/min/dev_ws/ros/install/local_setup.ps1'
[1.262s] INFO:colcon.colcon_core.shell:Creating prefix util module '/home/min/dev_ws/ros/install/_local_setup_util_ps1.py'
[1.263s] INFO:colcon.colcon_core.shell:Creating prefix chain script '/home/min/dev_ws/ros/install/setup.ps1'
[1.264s] INFO:colcon.colcon_core.shell:Creating prefix script '/home/min/dev_ws/ros/install/local_setup.sh'
[1.264s] INFO:colcon.colcon_core.shell:Creating prefix util module '/home/min/dev_ws/ros/install/_local_setup_util_sh.py'
[1.264s] INFO:colcon.colcon_core.shell:Creating prefix chain script '/home/min/dev_ws/ros/install/setup.sh'
[1.265s] INFO:colcon.colcon_core.shell:Creating prefix script '/home/min/dev_ws/ros/install/local_setup.bash'
[1.265s] INFO:colcon.colcon_core.shell:Creating prefix chain script '/home/min/dev_ws/ros/install/setup.bash'
[1.266s] INFO:colcon.colcon_core.shell:Creating prefix script '/home/min/dev_ws/ros/install/local_setup.zsh'
[1.267s] INFO:colcon.colcon_core.shell:Creating prefix chain script '/home/min/dev_ws/ros/install/setup.zsh'
