[0.576s] Invoking command in '/home/min/dev_ws/ros/src/my_first_package': PYTHONPATH=/home/min/dev_ws/ros/build/my_first_package/prefix_override:/home/min/dev_ws/ros/install/my_first_package/lib/python3.10/site-packages:${PYTHONPATH} /usr/bin/python3 -W ignore:setup.py install is deprecated setup.py egg_info --egg-base ../../build/my_first_package build --build-base /home/min/dev_ws/ros/build/my_first_package/build install --record /home/min/dev_ws/ros/build/my_first_package/install.log --single-version-externally-managed install_data
[0.812s] running egg_info
[0.813s] writing ../../build/my_first_package/my_first_package.egg-info/PKG-INFO
[0.813s] writing dependency_links to ../../build/my_first_package/my_first_package.egg-info/dependency_links.txt
[0.813s] writing entry points to ../../build/my_first_package/my_first_package.egg-info/entry_points.txt
[0.814s] writing requirements to ../../build/my_first_package/my_first_package.egg-info/requires.txt
[0.814s] writing top-level names to ../../build/my_first_package/my_first_package.egg-info/top_level.txt
[0.816s] reading manifest file '../../build/my_first_package/my_first_package.egg-info/SOURCES.txt'
[0.817s] writing manifest file '../../build/my_first_package/my_first_package.egg-info/SOURCES.txt'
[0.817s] running build
[0.817s] running build_py
[0.818s] copying my_first_package/turtle_cmd_and_pose.py -> /home/min/dev_ws/ros/build/my_first_package/build/lib/my_first_package
[0.818s] running install
[0.818s] running install_lib
[0.819s] copying /home/min/dev_ws/ros/build/my_first_package/build/lib/my_first_package/turtle_cmd_and_pose.py -> /home/min/dev_ws/ros/install/my_first_package/lib/python3.10/site-packages/my_first_package
[0.819s] byte-compiling /home/min/dev_ws/ros/install/my_first_package/lib/python3.10/site-packages/my_first_package/turtle_cmd_and_pose.py to turtle_cmd_and_pose.cpython-310.pyc
[0.820s] running install_data
[0.820s] running install_egg_info
[0.821s] removing '/home/min/dev_ws/ros/install/my_first_package/lib/python3.10/site-packages/my_first_package-0.0.0-py3.10.egg-info' (and everything under it)
[0.822s] Copying ../../build/my_first_package/my_first_package.egg-info to /home/min/dev_ws/ros/install/my_first_package/lib/python3.10/site-packages/my_first_package-0.0.0-py3.10.egg-info
[0.822s] running install_scripts
[0.839s] Installing my_first_node script to /home/min/dev_ws/ros/install/my_first_package/lib/my_first_package
[0.839s] Installing my_publisher script to /home/min/dev_ws/ros/install/my_first_package/lib/my_first_package
[0.839s] Installing my_subscriber script to /home/min/dev_ws/ros/install/my_first_package/lib/my_first_package
[0.839s] Installing turtle_cmd_and_pose script to /home/min/dev_ws/ros/install/my_first_package/lib/my_first_package
[0.839s] writing list of installed files to '/home/min/dev_ws/ros/build/my_first_package/install.log'
[0.857s] Invoked command in '/home/min/dev_ws/ros/src/my_first_package' returned '0': PYTHONPATH=/home/min/dev_ws/ros/build/my_first_package/prefix_override:/home/min/dev_ws/ros/install/my_first_package/lib/python3.10/site-packages:${PYTHONPATH} /usr/bin/python3 -W ignore:setup.py install is deprecated setup.py egg_info --egg-base ../../build/my_first_package build --build-base /home/min/dev_ws/ros/build/my_first_package/build install --record /home/min/dev_ws/ros/build/my_first_package/install.log --single-version-externally-managed install_data
